#
# There is insufficient memory for the Java Runtime Environment to continue.
# Native memory allocation (malloc) failed to allocate 994016 bytes for Chunk::new
# Possible reasons:
#   The system is out of physical RAM or swap space
#   The process is running with CompressedOops enabled, and the Java Heap may be blocking the growth of the native heap
# Possible solutions:
#   Reduce memory load on the system
#   Increase physical memory or swap space
#   Check if swap backing store is full
#   Decrease Java heap size (-Xmx/-Xms)
#   Decrease number of Java threads
#   Decrease Java thread stack sizes (-Xss)
#   Set larger code cache with -XX:ReservedCodeCacheSize=
#   JVM is running with Unscaled Compressed Oops mode in which the Java heap is
#     placed in the first 4GB address space. The Java Heap base address is the
#     maximum limit for the native heap growth. Please use -XX:HeapBaseMinAddress
#     to set the Java Heap base and to place the Java Heap above 4GB virtual address.
# This output file may be truncated or incomplete.
#
#  Out of Memory Error (arena.cpp:184), pid=25628, tid=20032
#
# JRE version: Java(TM) SE Runtime Environment (18.0.1.1+2) (build 18.0.1.1+2-6)
# Java VM: Java HotSpot(TM) 64-Bit Server VM (18.0.1.1+2-6, mixed mode, sharing, tiered, compressed oops, compressed class ptrs, g1 gc, windows-amd64)
# No core dump will be written. Minidumps are not enabled by default on client versions of Windows
#

---------------  S U M M A R Y ------------

Command Line: -javaagent:C:\Users\HP\eclipse\java-2022-03\eclipse\configuration\org.eclipse.osgi\396\0\.cp\jacocoagent.jar=includes=*,excludes=,exclclassloader=sun.reflect.DelegatingClassLoader,output=tcpclient,port=51917 --module-path=C:\Program Files\Java\javafx-sdk-18.0.1\lib --add-modules=javafx.controls,javafx.fxml -Dfile.encoding=UTF-8 -XX:+ShowCodeDetailsInExceptionMessages application.Main

Host: Intel(R) Core(TM) i5-6300U CPU @ 2.40GHz, 4 cores, 7G,  Windows 10 , 64 bit Build 19041 (10.0.19041.1645)
Time: Mon Jun 13 13:27:14 2022 Paris, Madrid (heure duild 19041 (10.0.19041.1645) elapsed time: 1.444584 seconds (0d 0h 0m 1s)

---------------  T H R E A D  ---------------

Current thread (0x000001e4b06e4430):  JavaThread "C2 CompilerThread0" daemon [_thread_in_native, id=20032, stack(0x000000b539500000,0x000000b539600000)]


Current CompileTask:
C2:   1444 1546       4       org.jacoco.agent.rt.internal_3570298.asm.ClassReader::readCode (5109 bytes)

Stack: [0x000000b539500000,0x000000b539600000]
Native frames: (J=compiled Java code, j=interpreted, Vv=VM code, C=native code)
V  [jvm.dll+0x69887a]
V  [jvm.dll+0x7f38bd]
V  [jvm.dll+0x7f51ce]
V  [jvm.dll+0x7f5883]
V  [jvm.dll+0x25ca3f]
V  [jvm.dll+0xb8c2f]
V  [jvm.dll+0xb8fa5]
V  [jvm.dll+0x2c794f]
V  [jvm.dll+0x5a05b0]
V  [jvm.dll+0x237f1e]
V  [jvm.dll+0x231672]
V  [jvm.dll+0x22eeeb]
V  [jvm.dll+0x1b9cfc]
V  [jvm.dll+0x23e8ca]
V  [jvm.dll+0x23cbb5]
V  [jvm.dll+0x7a5fb1]
V  [jvm.dll+0x7a03ea]
V  [jvm.dll+0x697725]
C  [ucrtbase.dll+0x21bb2]
C  [KERNEL32.DLL+0x17034]
C  [ntdll.dll+0x52651]


---------------  P R O C E S S  ---------------

Threads class SMR info:
_java_thread_list=0x000001e4b5067550, length=18, elements={
0x000001e49161f580, 0x000001e4b06c21f0, 0x000001e4b06c3af0, 0x000001e4b06db720,
0x000001e4b06dc770, 0x000001e4b06dd160, 0x000001e4b06dfc30, 0x000001e4b06e4430,
0x000001e4b07074e0, 0x000001e4b0722d30, 0x000001e4916dbfd0, 0x000001e4b4df7080,
0x000001e4b4d26570, 0x000001e4b4f0bc20, 0x000001e4b5074160, 0x000001e4b5068d20,
0x000001e4b5d9c220, 0x000001e4b5d9c6e0
}

Java Threads: ( => current thread )
  0x000001e49161f580 JavaThread "main" [_thread_blocked, id=19900, stack(0x000000b538800000,0x000000b538900000)]
  0x000001e4b06c21f0 JavaThread "Reference Handler" daemon [_thread_blocked, id=14648, stack(0x000000b538f00000,0x000000b539000000)]
  0x000001e4b06c3af0 JavaThread "Finalizer" daemon [_thread_blocked, id=16032, stack(0x000000b539000000,0x000000b539100000)]
  0x000001e4b06db720 JavaThread "Signal Dispatcher" daemon [_thread_blocked, id=14184, stack(0x000000b539100000,0x000000b539200000)]
  0x000001e4b06dc770 JavaThread "Attach Listener" daemon [_thread_blocked, id=6900, stack(0x000000b539200000,0x000000b539300000)]
  0x000001e4b06dd160 JavaThread "Service Thread" daemon [_thread_blocked, id=20284, stack(0x000000b539300000,0x000000b539400000)]
  0x000001e4b06dfc30 JavaThread "Monitor Deflation Thread" daemon [_thread_blocked, id=18400, stack(0x000000b539400000,0x000000b539500000)]
=>0x000001e4b06e4430 JavaThread "C2 CompilerThread0" daemon [_thread_in_native, id=20032, stack(0x000000b539500000,0x000000b539600000)]
  0x000001e4b07074e0 JavaThread "C1 CompilerThread0" daemon [_thread_blocked, id=6920, stack(0x000000b539600000,0x000000b539700000)]
  0x000001e4b0722d30 JavaThread "Sweeper thread" daemon [_thread_blocked, id=19720, stack(0x000000b539700000,0x000000b539800000)]
  0x000001e4916dbfd0 JavaThread "Common-Cleaner" daemon [_thread_blocked, id=10896, stack(0x000000b539800000,0x000000b539900000)]
  0x000001e4b4df7080 JavaThread "org.jacoco.agent.rt.internal_3570298.output.TcpClientOutput" daemon [_thread_in_native, id=20572, stack(0x000000b539900000,0x000000b539a00000)]
  0x000001e4b4d26570 JavaThread "Notification Thread" daemon [_thread_blocked, id=13580, stack(0x000000b539a00000,0x000000b539b00000)]
  0x000001e4b4f0bc20 JavaThread "QuantumRenderer-0" daemon [_thread_blocked, id=17948, stack(0x000000b539f00000,0x000000b53a000000)]
  0x000001e4b5074160 JavaThread "InvokeLaterDispatcher" daemon [_thread_blocked, id=21432, stack(0x000000b53a000000,0x000000b53a100000)]
  0x000001e4b5068d20 JavaThread "JavaFX Application Thread" [_thread_in_Java, id=25792, stack(0x000000b53a100000,0x000000b53a200000)]
  0x000001e4b5d9c220 JavaThread "JavaFX-Launcher" [_thread_blocked, id=1420, stack(0x000000b53a300000,0x000000b53a400000)]
  0x000001e4b5d9c6e0 JavaThread "Thread-4" daemon [_thread_in_native, id=8520, stack(0x000000b53a200000,0x000000b53a300000)]

Other Threads:
  0x000001e4916ecb70 VMThread "VM Thread" [stack: 0x000000b538e00000,0x000000b538f00000] [id=25204]
  0x000001e4b4d26a30 WatcherThread "VM Periodic Task Thread" [stack: 0x000000b539b00000,0x000000b539c00000] [id=21156]
  0x000001e491679ae0 WorkerThread "GC Thread#0" [stack: 0x000000b538900000,0x000000b538a00000] [id=23868]
  0x000001e4b4e47430 WorkerThread "GC Thread#1" [stack: 0x000000b539c00000,0x000000b539d00000] [id=13004]
  0x000001e4b4d1ecf0 WorkerThread "GC Thread#2" [stack: 0x000000b539d00000,0x000000b539e00000] [id=18636]
  0x000001e4b4d71040 WorkerThread "GC Thread#3" [stack: 0x000000b539e00000,0x000000b539f00000] [id=14436]
  0x000001e491689de0 ConcurrentGCThread "G1 Main Marker" [stack: 0x000000b538a00000,0x000000b538b00000] [id=19352]
  0x000001e49168a7d0 WorkerThread "G1 Conc#0" [stack: 0x000000b538b00000,0x000000b538c00000] [id=20468]
  0x000001e4916c4bf0 ConcurrentGCThread "G1 Refine#0" [stack: 0x000000b538c00000,0x000000b538d00000] [id=7404]
  0x000001e4916c5500 ConcurrentGCThread "G1 Service" [stack: 0x000000b538d00000,0x000000b538e00000] [id=19436]

Threads with active compile tasks:
C2 CompilerThread0     1503 1546       4       org.jacoco.agent.rt.internal_3570298.asm.ClassReader::readCode (5109 bytes)
C1 CompilerThread0     1503 1659       2       org.jacoco.agent.rt.internal_3570298.asm.SymbolTable::addConstantLongOrDouble (109 bytes)

VM state: not at safepoint (normal execution)

VM Mutex/Monitor currently owned by a thread: None

Heap address: 0x000000008e200000, size: 1822 MB, Compressed Oops mode: 32-bit

CDS archive(s) mapped at: [0x0000000800000000-0x0000000800ba0000-0x0000000800ba0000), size 12189696, SharedBaseAddress: 0x0000000800000000, ArchiveRelocationMode: 0.
Compressed class space mapped at: 0x0000000800c00000-0x0000000840c00000, reserved size: 1073741824
Narrow klass base: 0x0000000800000000, Narrow klass shift: 0, Narrow klass range: 0x100000000

GC Precious Log:
 CardTable entry size: 512
 Card Set container configuration: InlinePtr #cards 5 size 8 Array Of Cards #cards 12 size 40 Howl #buckets 4 coarsen threshold 1843 Howl Bitmap #cards 512 size 80 coarsen threshold 460 Card regions per heap region 1 cards per card region 2048
 CPUs: 4 total, 4 available
 Memory: 7280M
 Large Page Support: Disabled
 NUMA Support: Disabled
 Compressed Oops: Enabled (32-bit)
 Heap Region Size: 1M
 Heap Min Capacity: 8M
 Heap Initial Capacity: 114M
 Heap Max Capacity: 1822M
 Pre-touch: Disabled
 Parallel Workers: 4
 Concurrent Workers: 1
 Concurrent Refinement Workers: 4
 Periodic GC: Disabled

Heap:
 garbage-first heap   total 116736K, used 31461K [0x000000008e200000, 0x0000000100000000)
  region size 1024K, 29 young (29696K), 1 survivors (1024K)
 Metaspace       used 6908K, committed 7104K, reserved 1114112K
  class space    used 695K, committed 768K, reserved 1048576K

Heap Regions: E=young(eden), S=young(survivor), O=old, HS=humongous(starts), HC=humongous(continues), CS=collection set, F=free, OA=open archive, CA=closed archive, TAMS=top-at-mark-start (previous, next)
|   0|0x000000008e200000, 0x000000008e300000, 0x000000008e300000|100%| O|  |TAMS 0x000000008e200000, 0x000000008e200000| Untracked 
|   1|0x000000008e300000, 0x000000008e400000, 0x000000008e400000|100%| O|  |TAMS 0x000000008e300000, 0x000000008e300000| Untracked 
|   2|0x000000008e400000, 0x000000008e500000, 0x000000008e500000|100%| O|  |TAMS 0x000000008e400000, 0x000000008e400000| Untracked 
|   3|0x000000008e500000, 0x000000008e559a00, 0x000000008e600000| 35%| O|  |TAMS 0x000000008e500000, 0x000000008e500000| Untracked 
|   4|0x000000008e600000, 0x000000008e600000, 0x000000008e700000|  0%| F|  |TAMS 0x000000008e600000, 0x000000008e600000| Untracked 
|   5|0x000000008e700000, 0x000000008e700000, 0x000000008e800000|  0%| F|  |TAMS 0x000000008e700000, 0x000000008e700000| Untracked 
|   6|0x000000008e800000, 0x000000008e800000, 0x000000008e900000|  0%| F|  |TAMS 0x000000008e800000, 0x000000008e800000| Untracked 
|   7|0x000000008e900000, 0x000000008e900000, 0x000000008ea00000|  0%| F|  |TAMS 0x000000008e900000, 0x000000008e900000| Untracked 
|   8|0x000000008ea00000, 0x000000008ea00000, 0x000000008eb00000|  0%| F|  |TAMS 0x000000008ea00000, 0x000000008ea00000| Untracked 
|   9|0x000000008eb00000, 0x000000008eb00000, 0x000000008ec00000|  0%| F|  |TAMS 0x000000008eb00000, 0x000000008eb00000| Untracked 
|  10|0x000000008ec00000, 0x000000008ec00000, 0x000000008ed00000|  0%| F|  |TAMS 0x000000008ec00000, 0x000000008ec00000| Untracked 
|  11|0x000000008ed00000, 0x000000008ed00000, 0x000000008ee00000|  0%| F|  |TAMS 0x000000008ed00000, 0x000000008ed00000| Untracked 
|  12|0x000000008ee00000, 0x000000008ee00000, 0x000000008ef00000|  0%| F|  |TAMS 0x000000008ee00000, 0x000000008ee00000| Untracked 
|  13|0x000000008ef00000, 0x000000008ef00000, 0x000000008f000000|  0%| F|  |TAMS 0x000000008ef00000, 0x000000008ef00000| Untracked 
|  14|0x000000008f000000, 0x000000008f000000, 0x000000008f100000|  0%| F|  |TAMS 0x000000008f000000, 0x000000008f000000| Untracked 
|  15|0x000000008f100000, 0x000000008f100000, 0x000000008f200000|  0%| F|  |TAMS 0x000000008f100000, 0x000000008f100000| Untracked 
|  16|0x000000008f200000, 0x000000008f200000, 0x000000008f300000|  0%| F|  |TAMS 0x000000008f200000, 0x000000008f200000| Untracked 
|  17|0x000000008f300000, 0x000000008f300000, 0x000000008f400000|  0%| F|  |TAMS 0x000000008f300000, 0x000000008f300000| Untracked 
|  18|0x000000008f400000, 0x000000008f400000, 0x000000008f500000|  0%| F|  |TAMS 0x000000008f400000, 0x000000008f400000| Untracked 
|  19|0x000000008f500000, 0x000000008f500000, 0x000000008f600000|  0%| F|  |TAMS 0x000000008f500000, 0x000000008f500000| Untracked 
|  20|0x000000008f600000, 0x000000008f600000, 0x000000008f700000|  0%| F|  |TAMS 0x000000008f600000, 0x000000008f600000| Untracked 
|  21|0x000000008f700000, 0x000000008f700000, 0x000000008f800000|  0%| F|  |TAMS 0x000000008f700000, 0x000000008f700000| Untracked 
|  22|0x000000008f800000, 0x000000008f800000, 0x000000008f900000|  0%| F|  |TAMS 0x000000008f800000, 0x000000008f800000| Untracked 
|  23|0x000000008f900000, 0x000000008f900000, 0x000000008fa00000|  0%| F|  |TAMS 0x000000008f900000, 0x000000008f900000| Untracked 
|  24|0x000000008fa00000, 0x000000008fa00000, 0x000000008fb00000|  0%| F|  |TAMS 0x000000008fa00000, 0x000000008fa00000| Untracked 
|  25|0x000000008fb00000, 0x000000008fb00000, 0x000000008fc00000|  0%| F|  |TAMS 0x000000008fb00000, 0x000000008fb00000| Untracked 
|  26|0x000000008fc00000, 0x000000008fc00000, 0x000000008fd00000|  0%| F|  |TAMS 0x000000008fc00000, 0x000000008fc00000| Untracked 
|  27|0x000000008fd00000, 0x000000008fd00000, 0x000000008fe00000|  0%| F|  |TAMS 0x000000008fd00000, 0x000000008fd00000| Untracked 
|  28|0x000000008fe00000, 0x000000008fe00000, 0x000000008ff00000|  0%| F|  |TAMS 0x000000008fe00000, 0x000000008fe00000| Untracked 
|  29|0x000000008ff00000, 0x000000008ff00000, 0x0000000090000000|  0%| F|  |TAMS 0x000000008ff00000, 0x000000008ff00000| Untracked 
|  30|0x0000000090000000, 0x0000000090000000, 0x0000000090100000|  0%| F|  |TAMS 0x0000000090000000, 0x0000000090000000| Untracked 
|  31|0x0000000090100000, 0x0000000090100000, 0x0000000090200000|  0%| F|  |TAMS 0x0000000090100000, 0x0000000090100000| Untracked 
|  32|0x0000000090200000, 0x0000000090200000, 0x0000000090300000|  0%| F|  |TAMS 0x0000000090200000, 0x0000000090200000| Untracked 
|  33|0x0000000090300000, 0x0000000090300000, 0x0000000090400000|  0%| F|  |TAMS 0x0000000090300000, 0x0000000090300000| Untracked 
|  34|0x0000000090400000, 0x0000000090400000, 0x0000000090500000|  0%| F|  |TAMS 0x0000000090400000, 0x0000000090400000| Untracked 
|  35|0x0000000090500000, 0x0000000090500000, 0x0000000090600000|  0%| F|  |TAMS 0x0000000090500000, 0x0000000090500000| Untracked 
|  36|0x0000000090600000, 0x0000000090600000, 0x0000000090700000|  0%| F|  |TAMS 0x0000000090600000, 0x0000000090600000| Untracked 
|  37|0x0000000090700000, 0x0000000090700000, 0x0000000090800000|  0%| F|  |TAMS 0x0000000090700000, 0x0000000090700000| Untracked 
|  38|0x0000000090800000, 0x0000000090800000, 0x0000000090900000|  0%| F|  |TAMS 0x0000000090800000, 0x0000000090800000| Untracked 
|  39|0x0000000090900000, 0x0000000090900000, 0x0000000090a00000|  0%| F|  |TAMS 0x0000000090900000, 0x0000000090900000| Untracked 
|  40|0x0000000090a00000, 0x0000000090a00000, 0x0000000090b00000|  0%| F|  |TAMS 0x0000000090a00000, 0x0000000090a00000| Untracked 
|  41|0x0000000090b00000, 0x0000000090b00000, 0x0000000090c00000|  0%| F|  |TAMS 0x0000000090b00000, 0x0000000090b00000| Untracked 
|  42|0x0000000090c00000, 0x0000000090c00000, 0x0000000090d00000|  0%| F|  |TAMS 0x0000000090c00000, 0x0000000090c00000| Untracked 
|  43|0x0000000090d00000, 0x0000000090d00000, 0x0000000090e00000|  0%| F|  |TAMS 0x0000000090d00000, 0x0000000090d00000| Untracked 
|  44|0x0000000090e00000, 0x0000000090e00000, 0x0000000090f00000|  0%| F|  |TAMS 0x0000000090e00000, 0x0000000090e00000| Untracked 
|  45|0x0000000090f00000, 0x0000000090f00000, 0x0000000091000000|  0%| F|  |TAMS 0x0000000090f00000, 0x0000000090f00000| Untracked 
|  46|0x0000000091000000, 0x0000000091000000, 0x0000000091100000|  0%| F|  |TAMS 0x0000000091000000, 0x0000000091000000| Untracked 
|  47|0x0000000091100000, 0x0000000091100000, 0x0000000091200000|  0%| F|  |TAMS 0x0000000091100000, 0x0000000091100000| Untracked 
|  48|0x0000000091200000, 0x0000000091200000, 0x0000000091300000|  0%| F|  |TAMS 0x0000000091200000, 0x0000000091200000| Untracked 
|  49|0x0000000091300000, 0x0000000091300000, 0x0000000091400000|  0%| F|  |TAMS 0x0000000091300000, 0x0000000091300000| Untracked 
|  50|0x0000000091400000, 0x0000000091400000, 0x0000000091500000|  0%| F|  |TAMS 0x0000000091400000, 0x0000000091400000| Untracked 
|  51|0x0000000091500000, 0x0000000091500000, 0x0000000091600000|  0%| F|  |TAMS 0x0000000091500000, 0x0000000091500000| Untracked 
|  52|0x0000000091600000, 0x0000000091600000, 0x0000000091700000|  0%| F|  |TAMS 0x0000000091600000, 0x0000000091600000| Untracked 
|  53|0x0000000091700000, 0x0000000091700000, 0x0000000091800000|  0%| F|  |TAMS 0x0000000091700000, 0x0000000091700000| Untracked 
|  54|0x0000000091800000, 0x0000000091800000, 0x0000000091900000|  0%| F|  |TAMS 0x0000000091800000, 0x0000000091800000| Untracked 
|  55|0x0000000091900000, 0x0000000091900000, 0x0000000091a00000|  0%| F|  |TAMS 0x0000000091900000, 0x0000000091900000| Untracked 
|  56|0x0000000091a00000, 0x0000000091a00000, 0x0000000091b00000|  0%| F|  |TAMS 0x0000000091a00000, 0x0000000091a00000| Untracked 
|  57|0x0000000091b00000, 0x0000000091b00000, 0x0000000091c00000|  0%| F|  |TAMS 0x0000000091b00000, 0x0000000091b00000| Untracked 
|  58|0x0000000091c00000, 0x0000000091c00000, 0x0000000091d00000|  0%| F|  |TAMS 0x0000000091c00000, 0x0000000091c00000| Untracked 
|  59|0x0000000091d00000, 0x0000000091d00000, 0x0000000091e00000|  0%| F|  |TAMS 0x0000000091d00000, 0x0000000091d00000| Untracked 
|  60|0x0000000091e00000, 0x0000000091e00000, 0x0000000091f00000|  0%| F|  |TAMS 0x0000000091e00000, 0x0000000091e00000| Untracked 
|  61|0x0000000091f00000, 0x0000000091f00000, 0x0000000092000000|  0%| F|  |TAMS 0x0000000091f00000, 0x0000000091f00000| Untracked 
|  62|0x0000000092000000, 0x0000000092000000, 0x0000000092100000|  0%| F|  |TAMS 0x0000000092000000, 0x0000000092000000| Untracked 
|  63|0x0000000092100000, 0x0000000092100000, 0x0000000092200000|  0%| F|  |TAMS 0x0000000092100000, 0x0000000092100000| Untracked 
|  64|0x0000000092200000, 0x0000000092200000, 0x0000000092300000|  0%| F|  |TAMS 0x0000000092200000, 0x0000000092200000| Untracked 
|  65|0x0000000092300000, 0x0000000092300000, 0x0000000092400000|  0%| F|  |TAMS 0x0000000092300000, 0x0000000092300000| Untracked 
|  66|0x0000000092400000, 0x0000000092400000, 0x0000000092500000|  0%| F|  |TAMS 0x0000000092400000, 0x0000000092400000| Untracked 
|  67|0x0000000092500000, 0x0000000092500000, 0x0000000092600000|  0%| F|  |TAMS 0x0000000092500000, 0x0000000092500000| Untracked 
|  68|0x0000000092600000, 0x0000000092600000, 0x0000000092700000|  0%| F|  |TAMS 0x0000000092600000, 0x0000000092600000| Untracked 
|  69|0x0000000092700000, 0x0000000092700000, 0x0000000092800000|  0%| F|  |TAMS 0x0000000092700000, 0x0000000092700000| Untracked 
|  70|0x0000000092800000, 0x0000000092800000, 0x0000000092900000|  0%| F|  |TAMS 0x0000000092800000, 0x0000000092800000| Untracked 
|  71|0x0000000092900000, 0x0000000092900000, 0x0000000092a00000|  0%| F|  |TAMS 0x0000000092900000, 0x0000000092900000| Untracked 
|  72|0x0000000092a00000, 0x0000000092a00000, 0x0000000092b00000|  0%| F|  |TAMS 0x0000000092a00000, 0x0000000092a00000| Untracked 
|  73|0x0000000092b00000, 0x0000000092b00000, 0x0000000092c00000|  0%| F|  |TAMS 0x0000000092b00000, 0x0000000092b00000| Untracked 
|  74|0x0000000092c00000, 0x0000000092c00000, 0x0000000092d00000|  0%| F|  |TAMS 0x0000000092c00000, 0x0000000092c00000| Untracked 
|  75|0x0000000092d00000, 0x0000000092d00000, 0x0000000092e00000|  0%| F|  |TAMS 0x0000000092d00000, 0x0000000092d00000| Untracked 
|  76|0x0000000092e00000, 0x0000000092e00000, 0x0000000092f00000|  0%| F|  |TAMS 0x0000000092e00000, 0x0000000092e00000| Untracked 
|  77|0x0000000092f00000, 0x0000000092f00000, 0x0000000093000000|  0%| F|  |TAMS 0x0000000092f00000, 0x0000000092f00000| Untracked 
|  78|0x0000000093000000, 0x0000000093000000, 0x0000000093100000|  0%| F|  |TAMS 0x0000000093000000, 0x0000000093000000| Untracked 
|  79|0x0000000093100000, 0x0000000093100000, 0x0000000093200000|  0%| F|  |TAMS 0x0000000093100000, 0x0000000093100000| Untracked 
|  80|0x0000000093200000, 0x0000000093200000, 0x0000000093300000|  0%| F|  |TAMS 0x0000000093200000, 0x0000000093200000| Untracked 
|  81|0x0000000093300000, 0x0000000093300000, 0x0000000093400000|  0%| F|  |TAMS 0x0000000093300000, 0x0000000093300000| Untracked 
|  82|0x0000000093400000, 0x0000000093400000, 0x0000000093500000|  0%| F|  |TAMS 0x0000000093400000, 0x0000000093400000| Untracked 
|  83|0x0000000093500000, 0x0000000093500000, 0x0000000093600000|  0%| F|  |TAMS 0x0000000093500000, 0x0000000093500000| Untracked 
|  84|0x0000000093600000, 0x000000009364abe8, 0x0000000093700000| 29%| E|  |TAMS 0x0000000093600000, 0x0000000093600000| Complete 
|  85|0x0000000093700000, 0x0000000093800000, 0x0000000093800000|100%| E|CS|TAMS 0x0000000093700000, 0x0000000093700000| Complete 
|  86|0x0000000093800000, 0x0000000093900000, 0x0000000093900000|100%| E|CS|TAMS 0x0000000093800000, 0x0000000093800000| Complete 
|  87|0x0000000093900000, 0x0000000093a00000, 0x0000000093a00000|100%| E|CS|TAMS 0x0000000093900000, 0x0000000093900000| Complete 
|  88|0x0000000093a00000, 0x0000000093b00000, 0x0000000093b00000|100%| E|CS|TAMS 0x0000000093a00000, 0x0000000093a00000| Complete 
|  89|0x0000000093b00000, 0x0000000093c00000, 0x0000000093c00000|100%| E|CS|TAMS 0x0000000093b00000, 0x0000000093b00000| Complete 
|  90|0x0000000093c00000, 0x0000000093d00000, 0x0000000093d00000|100%| E|CS|TAMS 0x0000000093c00000, 0x0000000093c00000| Complete 
|  91|0x0000000093d00000, 0x0000000093e00000, 0x0000000093e00000|100%| E|CS|TAMS 0x0000000093d00000, 0x0000000093d00000| Complete 
|  92|0x0000000093e00000, 0x0000000093f00000, 0x0000000093f00000|100%| E|CS|TAMS 0x0000000093e00000, 0x0000000093e00000| Complete 
|  93|0x0000000093f00000, 0x0000000094000000, 0x0000000094000000|100%| E|CS|TAMS 0x0000000093f00000, 0x0000000093f00000| Complete 
|  94|0x0000000094000000, 0x0000000094100000, 0x0000000094100000|100%| E|CS|TAMS 0x0000000094000000, 0x0000000094000000| Complete 
|  95|0x0000000094100000, 0x0000000094200000, 0x0000000094200000|100%| E|CS|TAMS 0x0000000094100000, 0x0000000094100000| Complete 
|  96|0x0000000094200000, 0x0000000094300000, 0x0000000094300000|100%| E|CS|TAMS 0x0000000094200000, 0x0000000094200000| Complete 
|  97|0x0000000094300000, 0x0000000094400000, 0x0000000094400000|100%| E|CS|TAMS 0x0000000094300000, 0x0000000094300000| Complete 
|  98|0x0000000094400000, 0x000000009445fc70, 0x0000000094500000| 37%| S|CS|TAMS 0x0000000094400000, 0x0000000094400000| Complete 
|  99|0x0000000094500000, 0x0000000094600000, 0x0000000094600000|100%| E|CS|TAMS 0x0000000094500000, 0x0000000094500000| Complete 
| 100|0x0000000094600000, 0x0000000094700000, 0x0000000094700000|100%| E|CS|TAMS 0x0000000094600000, 0x0000000094600000| Complete 
| 101|0x0000000094700000, 0x0000000094800000, 0x0000000094800000|100%| E|CS|TAMS 0x0000000094700000, 0x0000000094700000| Complete 
| 102|0x0000000094800000, 0x0000000094900000, 0x0000000094900000|100%| E|CS|TAMS 0x0000000094800000, 0x0000000094800000| Complete 
| 103|0x0000000094900000, 0x0000000094a00000, 0x0000000094a00000|100%| E|CS|TAMS 0x0000000094900000, 0x0000000094900000| Complete 
| 104|0x0000000094a00000, 0x0000000094b00000, 0x0000000094b00000|100%| E|CS|TAMS 0x0000000094a00000, 0x0000000094a00000| Complete 
| 105|0x0000000094b00000, 0x0000000094c00000, 0x0000000094c00000|100%| E|CS|TAMS 0x0000000094b00000, 0x0000000094b00000| Complete 
| 106|0x0000000094c00000, 0x0000000094d00000, 0x0000000094d00000|100%| E|CS|TAMS 0x0000000094c00000, 0x0000000094c00000| Complete 
| 107|0x0000000094d00000, 0x0000000094e00000, 0x0000000094e00000|100%| E|CS|TAMS 0x0000000094d00000, 0x0000000094d00000| Complete 
| 108|0x0000000094e00000, 0x0000000094f00000, 0x0000000094f00000|100%| E|CS|TAMS 0x0000000094e00000, 0x0000000094e00000| Complete 
| 109|0x0000000094f00000, 0x0000000095000000, 0x0000000095000000|100%| E|CS|TAMS 0x0000000094f00000, 0x0000000094f00000| Complete 
| 110|0x0000000095000000, 0x0000000095100000, 0x0000000095100000|100%| E|CS|TAMS 0x0000000095000000, 0x0000000095000000| Complete 
| 111|0x0000000095100000, 0x0000000095200000, 0x0000000095200000|100%| E|CS|TAMS 0x0000000095100000, 0x0000000095100000| Complete 
| 112|0x0000000095200000, 0x0000000095300000, 0x0000000095300000|100%| E|CS|TAMS 0x0000000095200000, 0x0000000095200000| Complete 
| 113|0x0000000095300000, 0x0000000095400000, 0x0000000095400000|100%| E|CS|TAMS 0x0000000095300000, 0x0000000095300000| Complete 

Card table byte_map: [0x000001e4aa100000,0x000001e4aa490000] _byte_map_base: 0x000001e4a9c8f000

Marking Bits (Prev, Next): (CMBitMap*) 0x000001e49167b0f0, (CMBitMap*) 0x000001e49167b130
 Prev Bits: [0x000001e4aa820000, 0x000001e4ac498000)
 Next Bits: [0x000001e4ac4a0000, 0x000001e4ae118000)

Polling page: 0x000001e4916f0000

Metaspace:

Usage:
  Non-class:      6.07 MB used.
      Class:    695.35 KB used.
       Both:      6.75 MB used.

Virtual space:
  Non-class space:       64.00 MB reserved,       6.19 MB ( 10%) committed,  1 nodes.
      Class space:        1.00 GB reserved,     768.00 KB ( <1%) committed,  1 nodes.
             Both:        1.06 GB reserved,       6.94 MB ( <1%) committed. 

Chunk freelists:
   Non-Class:  1.48 MB
       Class:  3.25 MB
        Both:  4.73 MB

MaxMetaspaceSize: unlimited
CompressedClassSpaceSize: 1.00 GB
Initial GC threshold: 21.00 MB
Current GC threshold: 21.00 MB
CDS: on
MetaspaceReclaimPolicy: balanced
 - commit_granule_bytes: 65536.
 - commit_granule_words: 8192.
 - virtual_space_node_default_size: 8388608.
 - enlarge_chunks_in_place: 1.
 - new_chunks_are_fully_committed: 0.
 - uncommit_free_chunks: 1.
 - use_allocation_guard: 0.


Internal statistics:

num_allocs_failed_limit: 0.
num_arena_births: 172.
num_arena_deaths: 0.
num_vsnodes_births: 2.
num_vsnodes_deaths: 0.
num_space_committed: 111.
num_space_uncommitted: 0.
num_chunks_returned_to_freelist: 0.
num_chunks_taken_from_freelist: 309.
num_chunk_merges: 0.
num_chunk_splits: 214.
num_chunks_enlarged: 152.
num_inconsistent_stats: 0.

CodeHeap 'non-profiled nmethods': size=120000Kb used=529Kb max_used=529Kb free=119470Kb
 bounds [0x000001e4a2220000, 0x000001e4a2490000, 0x000001e4a9750000]
CodeHeap 'profiled nmethods': size=120000Kb used=3289Kb max_used=3289Kb free=116710Kb
 bounds [0x000001e49acf0000, 0x000001e49b030000, 0x000001e4a2220000]
CodeHeap 'non-nmethods': size=5760Kb used=1192Kb max_used=1212Kb free=4567Kb
 bounds [0x000001e49a750000, 0x000001e49a9c0000, 0x000001e49acf0000]
 total_blobs=2122 nmethods=1639 adapters=395
 compilation: enabled
              stopped_count=0, restarted_count=0
 full_count=0

Compilation events (20 events):
Event: 1.413 Thread 0x000001e4b07074e0 1592       2       java.nio.ByteBuffer::position (8 bytes)
Event: 1.414 Thread 0x000001e4b07074e0 nmethod 1592 0x000001e49b011610 code [0x000001e49b0117a0, 0x000001e49b0118c8]
Event: 1.416 Thread 0x000001e4b07074e0 1593       2       java.lang.invoke.MethodHandle::isAncestorLoaderOf (35 bytes)
Event: 1.416 Thread 0x000001e4b07074e0 nmethod 1593 0x000001e49b011990 code [0x000001e49b011b40, 0x000001e49b011d98]
Event: 1.416 Thread 0x000001e4b07074e0 1594       2       org.jacoco.agent.rt.internal_3570298.asm.ClassVisitor::visitNestMember (35 bytes)
Event: 1.417 Thread 0x000001e4b07074e0 nmethod 1594 0x000001e49b011e90 code [0x000001e49b012040, 0x000001e49b012238]
Event: 1.421 Thread 0x000001e4b07074e0 1595       2       java.nio.Buffer::<init> (105 bytes)
Event: 1.422 Thread 0x000001e4b07074e0 nmethod 1595 0x000001e49b012390 code [0x000001e49b0125c0, 0x000001e49b012a78]
Event: 1.422 Thread 0x000001e4b07074e0 1596       2       java.nio.ByteOrder::nativeOrder (4 bytes)
Event: 1.422 Thread 0x000001e4b07074e0 nmethod 1596 0x000001e49b012d90 code [0x000001e49b012f20, 0x000001e49b013018]
Event: 1.422 Thread 0x000001e4b07074e0 1597       2       org.jacoco.agent.rt.internal_3570298.core.internal.flow.ClassProbesVisitor::<init> (8 bytes)
Event: 1.422 Thread 0x000001e4b07074e0 nmethod 1597 0x000001e49b013090 code [0x000001e49b013220, 0x000001e49b013348]
Event: 1.426 Thread 0x000001e4b07074e0 1599       2       jdk.internal.loader.ClassLoaders$BootClassLoader::loadClassOrNull (10 bytes)
Event: 1.427 Thread 0x000001e4b07074e0 nmethod 1599 0x000001e49b013410 code [0x000001e49b0135c0, 0x000001e49b013718]
Event: 1.430 Thread 0x000001e4b07074e0 1600       2       org.jacoco.agent.rt.internal_3570298.asm.tree.TryCatchBlockNode::updateIndex (107 bytes)
Event: 1.430 Thread 0x000001e4b07074e0 nmethod 1600 0x000001e49b013810 code [0x000001e49b0139e0, 0x000001e49b013d38]
Event: 1.433 Thread 0x000001e4b07074e0 1601       2       java.nio.ByteBuffer::limit (8 bytes)
Event: 1.434 Thread 0x000001e4b07074e0 nmethod 1601 0x000001e49b013f10 code [0x000001e49b0140a0, 0x000001e49b0141c8]
Event: 1.440 Thread 0x000001e4b07074e0 1602       2       java.util.zip.ZipUtils::LOCSIG (6 bytes)
Event: 1.440 Thread 0x000001e4b07074e0 nmethod 1602 0x000001e49b014290 code [0x000001e49b014420, 0x000001e49b0145d8]

GC Heap History (4 events):
Event: 0.673 GC heap before
{Heap before GC invocations=0 (full 0):
 garbage-first heap   total 116736K, used 12288K [0x000000008e200000, 0x0000000100000000)
  region size 1024K, 13 young (13312K), 0 survivors (0K)
 Metaspace       used 3841K, committed 4096K, reserved 1114112K
  class space    used 376K, committed 512K, reserved 1048576K
}
Event: 0.679 GC heap after
{Heap after GC invocations=1 (full 0):
 garbage-first heap   total 116736K, used 3336K [0x000000008e200000, 0x0000000100000000)
  region size 1024K, 2 young (2048K), 2 survivors (2048K)
 Metaspace       used 3841K, committed 4096K, reserved 1114112K
  class space    used 376K, committed 512K, reserved 1048576K
}
Event: 1.146 GC heap before
{Heap before GC invocations=1 (full 0):
 garbage-first heap   total 116736K, used 16648K [0x000000008e200000, 0x0000000100000000)
  region size 1024K, 15 young (15360K), 2 survivors (2048K)
 Metaspace       used 5267K, committed 5504K, reserved 1114112K
  class space    used 502K, committed 640K, reserved 1048576K
}
Event: 1.152 GC heap after
{Heap after GC invocations=2 (full 0):
 garbage-first heap   total 116736K, used 3813K [0x000000008e200000, 0x0000000100000000)
  region size 1024K, 1 young (1024K), 1 survivors (1024K)
 Metaspace       used 5267K, committed 5504K, reserved 1114112K
  class space    used 502K, committed 640K, reserved 1048576K
}

Deoptimization events (20 events):
Event: 1.343 Thread 0x000001e49161f580 DEOPT PACKING pc=0x000001e4a2298048 sp=0x000000b5388f8a80
Event: 1.343 Thread 0x000001e49161f580 DEOPT UNPACKING pc=0x000001e49a7a23a3 sp=0x000000b5388f8a20 mode 2
Event: 1.353 Thread 0x000001e49161f580 DEOPT PACKING pc=0x000001e49af47d96 sp=0x000000b5388fba20
Event: 1.353 Thread 0x000001e49161f580 DEOPT UNPACKING pc=0x000001e49a7a2b43 sp=0x000000b5388faf28 mode 0
Event: 1.355 Thread 0x000001e49161f580 Uncommon trap: trap_request=0xffffffc6 fr.pc=0x000001e4a2255dd4 relative=0x0000000000000b94
Event: 1.355 Thread 0x000001e49161f580 Uncommon trap: reason=bimorphic_or_optimized_type_check action=maybe_recompile pc=0x000001e4a2255dd4 method=java.util.HashMap.putVal(ILjava/lang/Object;Ljava/lang/Object;ZZ)Ljava/lang/Object; @ 56 c2
Event: 1.355 Thread 0x000001e49161f580 DEOPT PACKING pc=0x000001e4a2255dd4 sp=0x000000b5388fd6c0
Event: 1.355 Thread 0x000001e49161f580 DEOPT UNPACKING pc=0x000001e49a7a23a3 sp=0x000000b5388fd648 mode 2
Event: 1.355 Thread 0x000001e49161f580 Uncommon trap: trap_request=0xffffffc6 fr.pc=0x000001e4a2255dd4 relative=0x0000000000000b94
Event: 1.355 Thread 0x000001e49161f580 Uncommon trap: reason=bimorphic_or_optimized_type_check action=maybe_recompile pc=0x000001e4a2255dd4 method=java.util.HashMap.putVal(ILjava/lang/Object;Ljava/lang/Object;ZZ)Ljava/lang/Object; @ 56 c2
Event: 1.355 Thread 0x000001e49161f580 DEOPT PACKING pc=0x000001e4a2255dd4 sp=0x000000b5388fd6c0
Event: 1.355 Thread 0x000001e49161f580 DEOPT UNPACKING pc=0x000001e49a7a23a3 sp=0x000000b5388fd648 mode 2
Event: 1.355 Thread 0x000001e49161f580 Uncommon trap: trap_request=0xffffffc6 fr.pc=0x000001e4a2255dd4 relative=0x0000000000000b94
Event: 1.355 Thread 0x000001e49161f580 Uncommon trap: reason=bimorphic_or_optimized_type_check action=maybe_recompile pc=0x000001e4a2255dd4 method=java.util.HashMap.putVal(ILjava/lang/Object;Ljava/lang/Object;ZZ)Ljava/lang/Object; @ 56 c2
Event: 1.355 Thread 0x000001e49161f580 DEOPT PACKING pc=0x000001e4a2255dd4 sp=0x000000b5388fd6c0
Event: 1.355 Thread 0x000001e49161f580 DEOPT UNPACKING pc=0x000001e49a7a23a3 sp=0x000000b5388fd648 mode 2
Event: 1.355 Thread 0x000001e49161f580 Uncommon trap: trap_request=0xffffffc6 fr.pc=0x000001e4a2255dd4 relative=0x0000000000000b94
Event: 1.355 Thread 0x000001e49161f580 Uncommon trap: reason=bimorphic_or_optimized_type_check action=maybe_recompile pc=0x000001e4a2255dd4 method=java.util.HashMap.putVal(ILjava/lang/Object;Ljava/lang/Object;ZZ)Ljava/lang/Object; @ 56 c2
Event: 1.355 Thread 0x000001e49161f580 DEOPT PACKING pc=0x000001e4a2255dd4 sp=0x000000b5388fd6c0
Event: 1.355 Thread 0x000001e49161f580 DEOPT UNPACKING pc=0x000001e49a7a23a3 sp=0x000000b5388fd648 mode 2

Classes loaded (20 events):
Event: 1.356 Loading class java/lang/ProcessEnvironment$CheckedEntrySet$1
Event: 1.356 Loading class java/lang/ProcessEnvironment$CheckedEntrySet$1 done
Event: 1.356 Loading class java/lang/ProcessEnvironment$CheckedEntry
Event: 1.356 Loading class java/lang/ProcessEnvironment$CheckedEntry done
Event: 1.363 Loading class java/util/concurrent/BlockingDeque
Event: 1.363 Loading class java/util/concurrent/BlockingDeque done
Event: 1.364 Loading class java/util/concurrent/LinkedBlockingDeque
Event: 1.364 Loading class java/util/concurrent/LinkedBlockingDeque done
Event: 1.381 Loading class java/util/concurrent/FutureTask
Event: 1.382 Loading class java/util/concurrent/FutureTask done
Event: 1.382 Loading class java/util/concurrent/CancellationException
Event: 1.382 Loading class java/util/concurrent/CancellationException done
Event: 1.382 Loading class java/util/concurrent/ExecutionException
Event: 1.383 Loading class java/util/concurrent/ExecutionException done
Event: 1.383 Loading class java/util/concurrent/FutureTask$WaitNode
Event: 1.383 Loading class java/util/concurrent/FutureTask$WaitNode done
Event: 1.383 Loading class java/util/concurrent/Executors$RunnableAdapter
Event: 1.383 Loading class java/util/concurrent/Executors$RunnableAdapter done
Event: 1.425 Loading class java/util/NoSuchElementException
Event: 1.425 Loading class java/util/NoSuchElementException done

Classes unloaded (0 events):
No events

Classes redefined (0 events):
No events

Internal exceptions (20 events):
Event: 0.498 Thread 0x000001e49161f580 Exception <a 'java/lang/NoSuchMethodError'{0x00000000949b3f08}: 'void java.lang.invoke.DirectMethodHandle$Holder.invokeStatic(java.lang.Object, java.lang.Object, java.lang.Object)'> (0x00000000949b3f08) 
thrown [s\open\src\hotspot\share\interpreter\linkResolver.cpp, line 766]
Event: 0.502 Thread 0x000001e49161f580 Exception <a 'java/lang/NoSuchMethodError'{0x00000000949c7960}: 'java.lang.Object java.lang.invoke.Invokers$Holder.invokeExact_MT(java.lang.Object, java.lang.Object, java.lang.Object, java.lang.Object, java.lang.Object)'> (0x00000000949c7960) 
thrown [s\open\src\hotspot\share\interpreter\linkResolver.cpp, line 766]
Event: 0.573 Thread 0x000001e49161f580 Exception <a 'java/lang/NoSuchMethodError'{0x0000000094816b38}: 'void java.lang.invoke.DirectMethodHandle$Holder.invokeStatic(java.lang.Object, java.lang.Object)'> (0x0000000094816b38) 
thrown [s\open\src\hotspot\share\interpreter\linkResolver.cpp, line 766]
Event: 0.594 Thread 0x000001e49161f580 Exception <a 'java/lang/NoSuchMethodError'{0x0000000094896528}: 'void java.lang.invoke.DelegatingMethodHandle$Holder.reinvoke_L(java.lang.Object, java.lang.Object, java.lang.Object, java.lang.Object, java.lang.Object, java.lang.Object, java.lang.Object, java.lang.Object)'> (0x0000000094896528) 
thrown [s\open\src\hotspot\share\interpreter\linkResolver.cpp, line 766]
Event: 0.598 Thread 0x000001e49161f580 Exception <a 'java/lang/NoSuchMethodError'{0x00000000948ace30}: 'java.lang.Object java.lang.invoke.DirectMethodHandle$Holder.invokeStatic(java.lang.Object, java.lang.Object, int)'> (0x00000000948ace30) 
thrown [s\open\src\hotspot\share\interpreter\linkResolver.cpp, line 766]
Event: 0.600 Thread 0x000001e49161f580 Exception <a 'java/lang/NoSuchMethodError'{0x00000000948b8d20}: 'void java.lang.invoke.DelegatingMethodHandle$Holder.delegate(java.lang.Object, java.lang.Object, int, java.lang.Object)'> (0x00000000948b8d20) 
thrown [s\open\src\hotspot\share\interpreter\linkResolver.cpp, line 766]
Event: 0.601 Thread 0x000001e49161f580 Exception <a 'java/lang/NoSuchMethodError'{0x00000000948bcab8}: 'int java.lang.invoke.DirectMethodHandle$Holder.invokeSpecial(java.lang.Object, java.lang.Object, java.lang.Object)'> (0x00000000948bcab8) 
thrown [s\open\src\hotspot\share\interpreter\linkResolver.cpp, line 766]
Event: 0.605 Thread 0x000001e49161f580 Implicit null exception at 0x000001e4a224d80e to 0x000001e4a224daa0
Event: 0.606 Thread 0x000001e49161f580 Exception <a 'java/lang/NoSuchMethodError'{0x00000000948d5380}: 'void java.lang.invoke.DirectMethodHandle$Holder.invokeStatic(java.lang.Object, java.lang.Object, java.lang.Object, java.lang.Object)'> (0x00000000948d5380) 
thrown [s\open\src\hotspot\share\interpreter\linkResolver.cpp, line 766]
Event: 0.659 Thread 0x000001e49161f580 Exception <a 'java/lang/NoSuchMethodError'{0x00000000947ca868}: 'void java.lang.invoke.DirectMethodHandle$Holder.invokeSpecial(java.lang.Object, java.lang.Object, java.lang.Object)'> (0x00000000947ca868) 
thrown [s\open\src\hotspot\share\interpreter\linkResolver.cpp, line 766]
Event: 0.659 Thread 0x000001e49161f580 Exception <a 'java/lang/NoSuchMethodError'{0x00000000947cdb30}: 'void java.lang.invoke.Invokers$Holder.invokeExact_MT(java.lang.Object, java.lang.Object, java.lang.Object)'> (0x00000000947cdb30) 
thrown [s\open\src\hotspot\share\interpreter\linkResolver.cpp, line 766]
Event: 0.877 Thread 0x000001e49161f580 Exception <a 'java/lang/NoSuchMethodError'{0x00000000951fa960}: 'java.lang.Object java.lang.invoke.DirectMethodHandle$Holder.invokeStaticInit(java.lang.Object, java.lang.Object, java.lang.Object, java.lang.Object)'> (0x00000000951fa960) 
thrown [s\open\src\hotspot\share\interpreter\linkResolver.cpp, line 766]
Event: 0.880 Thread 0x000001e49161f580 Exception <a 'java/lang/NoSuchMethodError'{0x00000000951fe6a0}: 'java.lang.Object java.lang.invoke.Invokers$Holder.invoke_MT(java.lang.Object, java.lang.Object, java.lang.Object, java.lang.Object, java.lang.Object)'> (0x00000000951fe6a0) 
thrown [s\open\src\hotspot\share\interpreter\linkResolver.cpp, line 766]
Event: 0.882 Thread 0x000001e49161f580 Exception <a 'java/lang/NoSuchMethodError'{0x0000000095009268}: 'java.lang.Object java.lang.invoke.DirectMethodHandle$Holder.invokeStaticInit(java.lang.Object)'> (0x0000000095009268) 
thrown [s\open\src\hotspot\share\interpreter\linkResolver.cpp, line 766]
Event: 0.883 Thread 0x000001e49161f580 Exception <a 'java/lang/NoSuchMethodError'{0x0000000095010c40}: 'void java.lang.invoke.DirectMethodHandle$Holder.invokeSpecial(java.lang.Object, java.lang.Object, java.lang.Object, java.lang.Object, java.lang.Object)'> (0x0000000095010c40) 
thrown [s\open\src\hotspot\share\interpreter\linkResolver.cpp, line 766]
Event: 0.885 Thread 0x000001e49161f580 Exception <a 'java/lang/NoSuchMethodError'{0x00000000950234d0}: 'java.lang.Object java.lang.invoke.Invokers$Holder.invokeExact_MT(java.lang.Object, java.lang.Object, java.lang.Object, java.lang.Object, java.lang.Object, java.lang.Object)'> (0x00000000950234d0) 
thrown [s\open\src\hotspot\share\interpreter\linkResolver.cpp, line 766]
Event: 1.307 Thread 0x000001e49161f580 Exception <a 'java/lang/NoSuchMethodError'{0x0000000094784f08}: 'int java.lang.invoke.DirectMethodHandle$Holder.invokeStaticInit(java.lang.Object, java.lang.Object, java.lang.Object)'> (0x0000000094784f08) 
thrown [s\open\src\hotspot\share\interpreter\linkResolver.cpp, line 766]
Event: 1.367 Thread 0x000001e49161f580 Exception <a 'java/lang/NoSuchMethodError'{0x0000000094070508}: 'java.lang.Object java.lang.invoke.DirectMethodHandle$Holder.newInvokeSpecial(java.lang.Object, java.lang.Object, int, java.lang.Object)'> (0x0000000094070508) 
thrown [s\open\src\hotspot\share\interpreter\linkResolver.cpp, line 766]
Event: 1.367 Thread 0x000001e49161f580 Exception <a 'java/lang/NoSuchMethodError'{0x0000000094074630}: 'java.lang.Object java.lang.invoke.DirectMethodHandle$Holder.invokeSpecial(java.lang.Object, java.lang.Object, java.lang.Object, int, java.lang.Object)'> (0x0000000094074630) 
thrown [s\open\src\hotspot\share\interpreter\linkResolver.cpp, line 766]
Event: 1.368 Thread 0x000001e49161f580 Exception <a 'java/lang/NoSuchMethodError'{0x000000009407b718}: 'void java.lang.invoke.DirectMethodHandle$Holder.invokeSpecial(java.lang.Object, java.lang.Object, int, java.lang.Object)'> (0x000000009407b718) 
thrown [s\open\src\hotspot\share\interpreter\linkResolver.cpp, line 766]

VM Operations (20 events):
Event: 0.162 Executing VM operation: HandshakeAllThreads
Event: 0.162 Executing VM operation: HandshakeAllThreads done
Event: 0.264 Executing VM operation: HandshakeAllThreads
Event: 0.264 Executing VM operation: HandshakeAllThreads done
Event: 0.334 Executing VM operation: HandshakeAllThreads
Event: 0.334 Executing VM operation: HandshakeAllThreads done
Event: 0.519 Executing VM operation: HandshakeAllThreads
Event: 0.519 Executing VM operation: HandshakeAllThreads done
Event: 0.543 Executing VM operation: HandshakeAllThreads
Event: 0.543 Executing VM operation: HandshakeAllThreads done
Event: 0.589 Executing VM operation: HandshakeAllThreads
Event: 0.589 Executing VM operation: HandshakeAllThreads done
Event: 0.673 Executing VM operation: G1CollectForAllocation
Event: 0.679 Executing VM operation: G1CollectForAllocation done
Event: 0.962 Executing VM operation: ICBufferFull
Event: 0.962 Executing VM operation: ICBufferFull done
Event: 1.146 Executing VM operation: G1CollectForAllocation
Event: 1.152 Executing VM operation: G1CollectForAllocation done
Event: 1.354 Executing VM operation: HandshakeAllThreads
Event: 1.354 Executing VM operation: HandshakeAllThreads done

Events (20 events):
Event: 1.102 Loaded shared library C:\Program Files\Java\javafx-sdk-18.0.1\bin\api-ms-win-crt-heap-l1-1-0.dll
Event: 1.104 Loaded shared library C:\Program Files\Java\javafx-sdk-18.0.1\bin\api-ms-win-crt-locale-l1-1-0.dll
Event: 1.106 Loaded shared library C:\Program Files\Java\javafx-sdk-18.0.1\bin\api-ms-win-crt-math-l1-1-0.dll
Event: 1.109 Loaded shared library C:\Program Files\Java\javafx-sdk-18.0.1\bin\api-ms-win-crt-multibyte-l1-1-0.dll
Event: 1.111 Loaded shared library C:\Program Files\Java\javafx-sdk-18.0.1\bin\api-ms-win-crt-private-l1-1-0.dll
Event: 1.114 Loaded shared library C:\Program Files\Java\javafx-sdk-18.0.1\bin\api-ms-win-crt-process-l1-1-0.dll
Event: 1.116 Loaded shared library C:\Program Files\Java\javafx-sdk-18.0.1\bin\api-ms-win-crt-runtime-l1-1-0.dll
Event: 1.119 Loaded shared library C:\Program Files\Java\javafx-sdk-18.0.1\bin\api-ms-win-crt-stdio-l1-1-0.dll
Event: 1.121 Loaded shared library C:\Program Files\Java\javafx-sdk-18.0.1\bin\api-ms-win-crt-string-l1-1-0.dll
Event: 1.123 Loaded shared library C:\Program Files\Java\javafx-sdk-18.0.1\bin\api-ms-win-crt-time-l1-1-0.dll
Event: 1.125 Loaded shared library C:\Program Files\Java\javafx-sdk-18.0.1\bin\api-ms-win-crt-utility-l1-1-0.dll
Event: 1.128 Loaded shared library C:\Program Files\Java\javafx-sdk-18.0.1\bin\ucrtbase.dll
Event: 1.129 Loaded shared library C:\Program Files\Java\javafx-sdk-18.0.1\bin\vcruntime140.dll
Event: 1.131 Loaded shared library C:\Program Files\Java\javafx-sdk-18.0.1\bin\vcruntime140_1.dll
Event: 1.133 Loaded shared library C:\Program Files\Java\javafx-sdk-18.0.1\bin\msvcp140.dll
Event: 1.259 Thread 0x000001e4b4f0bc20 Thread added: 0x000001e4b4f0bc20
Event: 1.269 Loaded shared library C:\Program Files\Java\javafx-sdk-18.0.1\bin\prism_d3d.dll
Event: 1.360 Loaded shared library C:\Program Files\Java\javafx-sdk-18.0.1\bin\glass.dll
Event: 1.365 Thread 0x000001e4b5074160 Thread added: 0x000001e4b5074160
Event: 1.369 Thread 0x000001e4b5068d20 Thread added: 0x000001e4b5068d20


Dynamic libraries:
0x00007ff7bd540000 - 0x00007ff7bd550000 	C:\Program Files\Java\jdk-18.0.1.1\bin\javaw.exe
0x00007ffffe910000 - 0x00007ffffeb05000 	C:\Windows\SYSTEM32\ntdll.dll
0x00007ffffd4b0000 - 0x00007ffffd56e000 	C:\Windows\System32\KERNEL32.DLL
0x00007ffffc190000 - 0x00007ffffc458000 	C:\Windows\System32\KERNELBASE.dll
0x00007ffffc740000 - 0x00007ffffc840000 	C:\Windows\System32\ucrtbase.dll
0x00007ffff8d90000 - 0x00007ffff8da8000 	C:\Program Files\Java\jdk-18.0.1.1\bin\jli.dll
0x00007ffffe700000 - 0x00007ffffe7ae000 	C:\Windows\System32\ADVAPI32.dll
0x00007ffffd8d0000 - 0x00007ffffd96e000 	C:\Windows\System32\msvcrt.dll
0x00007ffffcd30000 - 0x00007ffffcdcc000 	C:\Windows\System32\sechost.dll
0x00007ffffdc30000 - 0x00007ffffdd55000 	C:\Windows\System32\RPCRT4.dll
0x00007ffffd970000 - 0x00007ffffdb10000 	C:\Windows\System32\USER32.dll
0x00007ffffc540000 - 0x00007ffffc562000 	C:\Windows\System32\win32u.dll
0x00007ffffe8a0000 - 0x00007ffffe8ca000 	C:\Windows\System32\GDI32.dll
0x00007ffffc630000 - 0x00007ffffc73b000 	C:\Windows\System32\gdi32full.dll
0x00007ffffc840000 - 0x00007ffffc8dd000 	C:\Windows\System32\msvcp_win.dll
0x00007ffff8ed0000 - 0x00007ffff8eea000 	C:\Program Files\Java\jdk-18.0.1.1\bin\VCRUNTIME140.dll
0x00007fffde5c0000 - 0x00007fffde85a000 	C:\Windows\WinSxS\amd64_microsoft.windows.common-controls_6595b64144ccf1df_6.0.19041.1110_none_60b5254171f9507e\COMCTL32.dll
0x00007ffff21a0000 - 0x00007ffff21aa000 	C:\Windows\SYSTEM32\VERSION.dll
0x00007ffffc9f0000 - 0x00007ffffca20000 	C:\Windows\System32\IMM32.DLL
0x00007ffff8d80000 - 0x00007ffff8d8c000 	C:\Program Files\Java\jdk-18.0.1.1\bin\vcruntime140_1.dll
0x00007fffe6fe0000 - 0x00007fffe706d000 	C:\Program Files\Java\jdk-18.0.1.1\bin\msvcp140.dll
0x00007fff53930000 - 0x00007fff54540000 	C:\Program Files\Java\jdk-18.0.1.1\bin\server\jvm.dll
0x00007ffffd240000 - 0x00007ffffd248000 	C:\Windows\System32\PSAPI.DLL
0x00007fffda960000 - 0x00007fffda969000 	C:\Windows\SYSTEM32\WSOCK32.dll
0x00007ffffe7b0000 - 0x00007ffffe81b000 	C:\Windows\System32\WS2_32.dll
0x00007fffdbcc0000 - 0x00007fffdbce7000 	C:\Windows\SYSTEM32\WINMM.dll
0x00007ffffa8e0000 - 0x00007ffffa8f2000 	C:\Windows\SYSTEM32\kernel.appcore.dll
0x00007ffff7310000 - 0x00007ffff731a000 	C:\Program Files\Java\jdk-18.0.1.1\bin\jimage.dll
0x00007ffff9f20000 - 0x00007ffffa104000 	C:\Windows\SYSTEM32\DBGHELP.DLL
0x00007fffed840000 - 0x00007fffed86c000 	C:\Windows\SYSTEM32\dbgcore.DLL
0x00007ffffc8e0000 - 0x00007ffffc962000 	C:\Windows\System32\bcryptPrimitives.dll
0x00007ffff95c0000 - 0x00007ffff95ce000 	C:\Program Files\Java\jdk-18.0.1.1\bin\instrument.dll
0x00007ffff2af0000 - 0x00007ffff2b15000 	C:\Program Files\Java\jdk-18.0.1.1\bin\java.dll
0x00007fffaec40000 - 0x00007fffaed16000 	C:\Program Files\Java\jdk-18.0.1.1\bin\jsvml.dll
0x00007ffffdf50000 - 0x00007ffffe694000 	C:\Windows\System32\SHELL32.dll
0x00007ffffa110000 - 0x00007ffffa8a4000 	C:\Windows\SYSTEM32\windows.storage.dll
0x00007ffffd570000 - 0x00007ffffd8c4000 	C:\Windows\System32\combase.dll
0x00007ffffb9d0000 - 0x00007ffffb9fc000 	C:\Windows\SYSTEM32\Wldp.dll
0x00007ffffdb10000 - 0x00007ffffdbbd000 	C:\Windows\System32\SHCORE.dll
0x00007ffffdbc0000 - 0x00007ffffdc15000 	C:\Windows\System32\shlwapi.dll
0x00007ffffbf70000 - 0x00007ffffbf8f000 	C:\Windows\SYSTEM32\profapi.dll
0x00007ffff2ad0000 - 0x00007ffff2ae3000 	C:\Program Files\Java\jdk-18.0.1.1\bin\net.dll
0x00007fffe8350000 - 0x00007fffe845a000 	C:\Windows\SYSTEM32\WINHTTP.dll
0x00007ffffb730000 - 0x00007ffffb79a000 	C:\Windows\system32\mswsock.dll
0x00007ffff2320000 - 0x00007ffff2336000 	C:\Program Files\Java\jdk-18.0.1.1\bin\nio.dll
0x00007ffff22e0000 - 0x00007ffff22f8000 	C:\Program Files\Java\jdk-18.0.1.1\bin\zip.dll
0x00007ffff2960000 - 0x00007ffff2970000 	C:\Program Files\Java\jdk-18.0.1.1\bin\verify.dll
0x00007fffd86a0000 - 0x00007fffd86b7000 	C:\Windows\system32\napinsp.dll
0x00007fffd8b90000 - 0x00007fffd8bab000 	C:\Windows\system32\pnrpnsp.dll
0x00007ffff67f0000 - 0x00007ffff6805000 	C:\Windows\system32\wshbth.dll
0x00007fffef960000 - 0x00007fffef97d000 	C:\Windows\system32\NLAapi.dll
0x00007ffffb420000 - 0x00007ffffb45b000 	C:\Windows\SYSTEM32\IPHLPAPI.DLL
0x00007ffffb460000 - 0x00007ffffb52b000 	C:\Windows\SYSTEM32\DNSAPI.dll
0x00007ffffcb90000 - 0x00007ffffcb98000 	C:\Windows\System32\NSI.dll
0x00007fffda740000 - 0x00007fffda752000 	C:\Windows\System32\winrnr.dll
0x00007ffff0230000 - 0x00007ffff023a000 	C:\Windows\System32\rasadhlp.dll
0x00007fffe5f10000 - 0x00007fffe5f8f000 	C:\Windows\System32\fwpuclnt.dll
0x00007ffffc510000 - 0x00007ffffc537000 	C:\Windows\System32\bcrypt.dll
0x00007fffe8f10000 - 0x00007fffe8f27000 	C:\Windows\SYSTEM32\dhcpcsvc6.DLL
0x00007fffe9340000 - 0x00007fffe935d000 	C:\Windows\SYSTEM32\dhcpcsvc.DLL
0x000001e4b07a0000 - 0x000001e4b07a3000 	C:\Program Files\Java\javafx-sdk-18.0.1\bin\api-ms-win-core-console-l1-1-0.dll
0x000001e4b07b0000 - 0x000001e4b07b3000 	C:\Program Files\Java\javafx-sdk-18.0.1\bin\api-ms-win-core-console-l1-2-0.dll
0x000001e4b07c0000 - 0x000001e4b07c3000 	C:\Program Files\Java\javafx-sdk-18.0.1\bin\api-ms-win-core-datetime-l1-1-0.dll
0x000001e4b07d0000 - 0x000001e4b07d3000 	C:\Program Files\Java\javafx-sdk-18.0.1\bin\api-ms-win-core-debug-l1-1-0.dll
0x000001e4b07e0000 - 0x000001e4b07e3000 	C:\Program Files\Java\javafx-sdk-18.0.1\bin\api-ms-win-core-errorhandling-l1-1-0.dll
0x000001e4b07f0000 - 0x000001e4b07f4000 	C:\Program Files\Java\javafx-sdk-18.0.1\bin\api-ms-win-core-file-l1-1-0.dll
0x000001e4b5870000 - 0x000001e4b5873000 	C:\Program Files\Java\javafx-sdk-18.0.1\bin\api-ms-win-core-file-l1-2-0.dll
0x000001e4b5880000 - 0x000001e4b5883000 	C:\Program Files\Java\javafx-sdk-18.0.1\bin\api-ms-win-core-file-l2-1-0.dll
0x000001e4b5890000 - 0x000001e4b5893000 	C:\Program Files\Java\javafx-sdk-18.0.1\bin\api-ms-win-core-handle-l1-1-0.dll
0x000001e4b58a0000 - 0x000001e4b58a3000 	C:\Program Files\Java\javafx-sdk-18.0.1\bin\api-ms-win-core-heap-l1-1-0.dll
0x000001e4b58b0000 - 0x000001e4b58b3000 	C:\Program Files\Java\javafx-sdk-18.0.1\bin\api-ms-win-core-interlocked-l1-1-0.dll
0x000001e4b58c0000 - 0x000001e4b58c3000 	C:\Program Files\Java\javafx-sdk-18.0.1\bin\api-ms-win-core-libraryloader-l1-1-0.dll
0x000001e4b58d0000 - 0x000001e4b58d3000 	C:\Program Files\Java\javafx-sdk-18.0.1\bin\api-ms-win-core-localization-l1-2-0.dll
0x000001e4b58e0000 - 0x000001e4b58e3000 	C:\Program Files\Java\javafx-sdk-18.0.1\bin\api-ms-win-core-memory-l1-1-0.dll
0x000001e4b58f0000 - 0x000001e4b58f3000 	C:\Program Files\Java\javafx-sdk-18.0.1\bin\api-ms-win-core-namedpipe-l1-1-0.dll
0x000001e4b5b70000 - 0x000001e4b5b73000 	C:\Program Files\Java\javafx-sdk-18.0.1\bin\api-ms-win-core-processenvironment-l1-1-0.dll
0x000001e4b5b80000 - 0x000001e4b5b83000 	C:\Program Files\Java\javafx-sdk-18.0.1\bin\api-ms-win-core-processthreads-l1-1-0.dll
0x000001e4b6b60000 - 0x000001e4b6b63000 	C:\Program Files\Java\javafx-sdk-18.0.1\bin\api-ms-win-core-processthreads-l1-1-1.dll
0x000001e4b6b70000 - 0x000001e4b6b73000 	C:\Program Files\Java\javafx-sdk-18.0.1\bin\api-ms-win-core-profile-l1-1-0.dll
0x000001e4b5900000 - 0x000001e4b5903000 	C:\Program Files\Java\javafx-sdk-18.0.1\bin\api-ms-win-core-rtlsupport-l1-1-0.dll
0x000001e4b5910000 - 0x000001e4b5913000 	C:\Program Files\Java\javafx-sdk-18.0.1\bin\api-ms-win-core-string-l1-1-0.dll
0x000001e4b5920000 - 0x000001e4b5923000 	C:\Program Files\Java\javafx-sdk-18.0.1\bin\api-ms-win-core-synch-l1-1-0.dll
0x000001e4b5930000 - 0x000001e4b5933000 	C:\Program Files\Java\javafx-sdk-18.0.1\bin\api-ms-win-core-synch-l1-2-0.dll
0x000001e4b5940000 - 0x000001e4b5943000 	C:\Program Files\Java\javafx-sdk-18.0.1\bin\api-ms-win-core-sysinfo-l1-1-0.dll
0x000001e4b5950000 - 0x000001e4b5953000 	C:\Program Files\Java\javafx-sdk-18.0.1\bin\api-ms-win-core-timezone-l1-1-0.dll
0x000001e4b5960000 - 0x000001e4b5963000 	C:\Program Files\Java\javafx-sdk-18.0.1\bin\api-ms-win-core-util-l1-1-0.dll
0x000001e4b5970000 - 0x000001e4b5973000 	C:\Program Files\Java\javafx-sdk-18.0.1\bin\api-ms-win-crt-conio-l1-1-0.dll
0x000001e4b5980000 - 0x000001e4b5984000 	C:\Program Files\Java\javafx-sdk-18.0.1\bin\api-ms-win-crt-convert-l1-1-0.dll
0x000001e4b5990000 - 0x000001e4b5993000 	C:\Program Files\Java\javafx-sdk-18.0.1\bin\api-ms-win-crt-environment-l1-1-0.dll
0x000001e4b59a0000 - 0x000001e4b59a3000 	C:\Program Files\Java\javafx-sdk-18.0.1\bin\api-ms-win-crt-filesystem-l1-1-0.dll
0x000001e4b59b0000 - 0x000001e4b59b3000 	C:\Program Files\Java\javafx-sdk-18.0.1\bin\api-ms-win-crt-heap-l1-1-0.dll
0x000001e4b59c0000 - 0x000001e4b59c3000 	C:\Program Files\Java\javafx-sdk-18.0.1\bin\api-ms-win-crt-locale-l1-1-0.dll
0x000001e4b59d0000 - 0x000001e4b59d5000 	C:\Program Files\Java\javafx-sdk-18.0.1\bin\api-ms-win-crt-math-l1-1-0.dll
0x000001e4b59e0000 - 0x000001e4b59e5000 	C:\Program Files\Java\javafx-sdk-18.0.1\bin\api-ms-win-crt-multibyte-l1-1-0.dll
0x000001e4b59f0000 - 0x000001e4b5a00000 	C:\Program Files\Java\javafx-sdk-18.0.1\bin\api-ms-win-crt-private-l1-1-0.dll
0x000001e4b5a00000 - 0x000001e4b5a03000 	C:\Program Files\Java\javafx-sdk-18.0.1\bin\api-ms-win-crt-process-l1-1-0.dll
0x000001e4b5a10000 - 0x000001e4b5a14000 	C:\Program Files\Java\javafx-sdk-18.0.1\bin\api-ms-win-crt-runtime-l1-1-0.dll
0x000001e4b5a20000 - 0x000001e4b5a24000 	C:\Program Files\Java\javafx-sdk-18.0.1\bin\api-ms-win-crt-stdio-l1-1-0.dll
0x000001e4b5a30000 - 0x000001e4b5a34000 	C:\Program Files\Java\javafx-sdk-18.0.1\bin\api-ms-win-crt-string-l1-1-0.dll
0x000001e4b5a40000 - 0x000001e4b5a43000 	C:\Program Files\Java\javafx-sdk-18.0.1\bin\api-ms-win-crt-time-l1-1-0.dll
0x000001e4b5a50000 - 0x000001e4b5a53000 	C:\Program Files\Java\javafx-sdk-18.0.1\bin\api-ms-win-crt-utility-l1-1-0.dll
0x00007fffaf3e0000 - 0x00007fffaf4dc000 	C:\Program Files\Java\javafx-sdk-18.0.1\bin\ucrtbase.dll
0x00007ffff0ab0000 - 0x00007ffff0aca000 	C:\Program Files\Java\javafx-sdk-18.0.1\bin\vcruntime140.dll
0x00007ffff23f0000 - 0x00007ffff23fc000 	C:\Program Files\Java\javafx-sdk-18.0.1\bin\vcruntime140_1.dll
0x00007fffb4a40000 - 0x00007fffb4acd000 	C:\Program Files\Java\javafx-sdk-18.0.1\bin\msvcp140.dll
0x00007ffff0a80000 - 0x00007ffff0aac000 	C:\Program Files\Java\javafx-sdk-18.0.1\bin\prism_d3d.dll
0x00007fffc59e0000 - 0x00007fffc5baf000 	C:\Windows\system32\d3d9.dll
0x00007ffff9850000 - 0x00007ffff987f000 	C:\Windows\SYSTEM32\dwmapi.dll
0x00007ffff9640000 - 0x00007ffff96de000 	C:\Windows\system32\uxtheme.dll
0x00007fffc56a0000 - 0x00007fffc5842000 	C:\Windows\System32\DriverStore\FileRepository\iigd_dch.inf_amd64_1dc9fc8d5e442f6a\igdumdim64.dll
0x00007ffffcc00000 - 0x00007ffffcd2a000 	C:\Windows\System32\ole32.dll
0x00007fffeccd0000 - 0x00007fffed097000 	C:\Windows\System32\DriverStore\FileRepository\iigd_dch.inf_amd64_1dc9fc8d5e442f6a\igdgmm64.dll
0x00007fffe7230000 - 0x00007fffe7272000 	C:\Program Files\Java\javafx-sdk-18.0.1\bin\glass.dll
0x00007ffffcab0000 - 0x00007ffffcb8b000 	C:\Windows\System32\COMDLG32.dll
0x00007ffffde80000 - 0x00007ffffdf4d000 	C:\Windows\System32\OLEAUT32.dll
0x00007ffffdd60000 - 0x00007ffffde75000 	C:\Windows\System32\MSCTF.dll

dbghelp: loaded successfully - version: 4.0.5 - missing functions: none
symbol engine: initialized successfully - sym options: 0x614 - pdb path: .;C:\Program Files\Java\jdk-18.0.1.1\bin;C:\Windows\SYSTEM32;C:\Windows\WinSxS\amd64_microsoft.windows.common-controls_6595b64144ccf1df_6.0.19041.1110_none_60b5254171f9507e;C:\Program Files\Java\jdk-18.0.1.1\bin\server;C:\Program Files\Java\javafx-sdk-18.0.1\bin;C:\Windows\System32\DriverStore\FileRepository\iigd_dch.inf_amd64_1dc9fc8d5e442f6a

VM Arguments:
jvm_args: -javaagent:C:\Users\HP\eclipse\java-2022-03\eclipse\configuration\org.eclipse.osgi\396\0\.cp\jacocoagent.jar=includes=*,excludes=,exclclassloader=sun.reflect.DelegatingClassLoader,output=tcpclient,port=51917 --module-path=C:\Program Files\Java\javafx-sdk-18.0.1\lib --add-modules=javafx.controls,javafx.fxml -Dfile.encoding=UTF-8 -XX:+ShowCodeDetailsInExceptionMessages 
java_command: application.Main
java_class_path (initial): C:\Users\HP\eclipse-workspace\FX Brief 7\target\classes;C:\Program Files\Java\javafx-sdk-18.0.1\lib\javafx-swt.jar;C:\Program Files\Java\javafx-sdk-18.0.1\lib\javafx.base.jar;C:\Program Files\Java\javafx-sdk-18.0.1\lib\javafx.controls.jar;C:\Program Files\Java\javafx-sdk-18.0.1\lib\javafx.fxml.jar;C:\Program Files\Java\javafx-sdk-18.0.1\lib\javafx.graphics.jar;C:\Program Files\Java\javafx-sdk-18.0.1\lib\javafx.media.jar;C:\Program Files\Java\javafx-sdk-18.0.1\lib\javafx.swing.jar;C:\Program Files\Java\javafx-sdk-18.0.1\lib\javafx.web.jar;C:\Users\HP\.p2\pool\plugins\org.eclipse.fx.ide.css.jfx8_3.7.0.202010120832.jar;C:\Users\HP\Downloads\mysql-connector-java-8.0.29\mysql-connector-java-8.0.29\mysql-connector-java-8.0.29.jar;C:\Users\HP\.m2\repository\org\postgresql\postgresql\42.3.6\postgresql-42.3.6.jar;C:\Users\HP\.m2\repository\org\checkerframework\checker-qual\3.5.0\checker-qual-3.5.0.jar
Launcher Type: SUN_STANDARD

[Global flags]
     intx CICompilerCount                          = 3                                         {product} {ergonomic}
     uint ConcGCThreads                            = 1                                         {product} {ergonomic}
     uint G1ConcRefinementThreads                  = 4                                         {product} {ergonomic}
   size_t G1HeapRegionSize                         = 1048576                                   {product} {ergonomic}
    uintx GCDrainStackTargetSize                   = 64                                        {product} {ergonomic}
   size_t InitialHeapSize                          = 119537664                                 {product} {ergonomic}
   size_t MarkStackSize                            = 4194304                                   {product} {ergonomic}
   size_t MaxHeapSize                              = 1910505472                                {product} {ergonomic}
   size_t MaxNewSize                               = 1146093568                                {product} {ergonomic}
   size_t MinHeapDeltaBytes                        = 1048576                                   {product} {ergonomic}
   size_t MinHeapSize                              = 8388608                                   {product} {ergonomic}
    uintx NonNMethodCodeHeapSize                   = 5832780                                {pd product} {ergonomic}
    uintx NonProfiledCodeHeapSize                  = 122912730                              {pd product} {ergonomic}
    uintx ProfiledCodeHeapSize                     = 122912730                              {pd product} {ergonomic}
    uintx ReservedCodeCacheSize                    = 251658240                              {pd product} {ergonomic}
     bool SegmentedCodeCache                       = true                                      {product} {ergonomic}
     bool ShowCodeDetailsInExceptionMessages       = true                                   {manageable} {command line}
   size_t SoftMaxHeapSize                          = 1910505472                             {manageable} {ergonomic}
     bool UseCompressedClassPointers               = true                           {product lp64_product} {ergonomic}
     bool UseCompressedOops                        = true                           {product lp64_product} {ergonomic}
     bool UseG1GC                                  = true                                      {product} {ergonomic}
     bool UseLargePagesIndividualAllocation        = false                                  {pd product} {ergonomic}

Logging:
Log output configuration:
 #0: stdout all=warning uptime,level,tags foldmultilines=false
 #1: stderr all=off uptime,level,tags foldmultilines=false

Environment Variables:
PATH=C:\Program Files\Common Files\Oracle\Java\javapath;C:\Windows\system32;C:\Windows;C:\Windows\System32\Wbem;C:\Windows\System32\WindowsPowerShell\v1.0\;C:\Windows\System32\OpenSSH\;C:\Program Files\Git\cmd;C:\Users\HP\AppData\Local\Microsoft\WindowsApps
USERNAME=HP
OS=Windows_NT
PROCESSOR_IDENTIFIER=Intel64 Family 6 Model 78 Stepping 3, GenuineIntel



---------------  S Y S T E M  ---------------

OS:
 Windows 10 , 64 bit Build 19041 (10.0.19041.1645)
OS uptime: 10 days 3:49 hours

CPU: total 4 (initial active 4) (2 cores per cpu, 2 threads per core) family 6 model 78 stepping 3 microcode 0xcc, cx8, cmov, fxsr, ht, mmx, 3dnowpref, sse, sse2, sse3, ssse3, sse4.1, sse4.2, popcnt, lzcnt, tsc, tscinvbit, avx, avx2, aes, erms, clmul, bmi1, bmi2, rtm, adx, fma, vzeroupper, clflush, clflushopt

Memory: 4k page, system-wide physical 7280M (300M free)
TotalPageFile size 29808M (AvailPageFile size 4M)
current process WorkingSet (physical memory assigned to process): 97M, peak: 97M
current process commit charge ("private bytes"): 210M, peak: 215M

vm_info: Java HotSpot(TM) 64-Bit Server VM (18.0.1.1+2-6) for windows-amd64 JRE (18.0.1.1+2-6), built on Apr 25 2022 21:53:15 by "mach5one" with MS VC++ 16.8 / 16.9 (VS2019)

END.
