#
# There is insufficient memory for the Java Runtime Environment to continue.
# Native memory allocation (malloc) failed to allocate 661136 bytes for Chunk::new
# Possible reasons:
#   The system is out of physical RAM or swap space
#   The process is running with CompressedOops enabled, and the Java Heap may be blocking the growth of the native heap
# Possible solutions:
#   Reduce memory load on the system
#   Increase physical memory or swap space
#   Check if swap backing store is full
#   Decrease Java heap size (-Xmx/-Xms)
#   Decrease number of Java threads
#   Decrease Java thread stack sizes (-Xss)
#   Set larger code cache with -XX:ReservedCodeCacheSize=
#   JVM is running with Unscaled Compressed Oops mode in which the Java heap is
#     placed in the first 4GB address space. The Java Heap base address is the
#     maximum limit for the native heap growth. Please use -XX:HeapBaseMinAddress
#     to set the Java Heap base and to place the Java Heap above 4GB virtual address.
# This output file may be truncated or incomplete.
#
#  Out of Memory Error (arena.cpp:184), pid=15448, tid=7552
#
# JRE version: Java(TM) SE Runtime Environment (18.0.1.1+2) (build 18.0.1.1+2-6)
# Java VM: Java HotSpot(TM) 64-Bit Server VM (18.0.1.1+2-6, mixed mode, sharing, tiered, compressed oops, compressed class ptrs, g1 gc, windows-amd64)
# No core dump will be written. Minidumps are not enabled by default on client versions of Windows
#

---------------  S U M M A R Y ------------

Command Line: --module-path=C:\Program Files\Java\javafx-sdk-18.0.1\lib --add-modules=javafx.controls,javafx.fxml -Dfile.encoding=UTF-8 -XX:+ShowCodeDetailsInExceptionMessages application.Main

Host: Intel(R) Core(TM) i5-6300U CPU @ 2.40GHz, 4 cores, 7G,  Windows 10 , 64 bit Build 19041 (10.0.19041.1645)
Time: Mon Jun 13 13:26:56 2022 Paris, Madrid (heure duild 19041 (10.0.19041.1645) elapsed time: 0.308090 seconds (0d 0h 0m 0s)

---------------  T H R E A D  ---------------

Current thread (0x000001487c9dd590):  JavaThread "C2 CompilerThread1" daemon [_thread_in_native, id=7552, stack(0x00000013f0800000,0x00000013f0900000)]


Current CompileTask:
C2:    308  295       4       java.util.stream.ReferencePipeline$3$1::accept (23 bytes)

Stack: [0x00000013f0800000,0x00000013f0900000]
Native frames: (J=compiled Java code, j=interpreted, Vv=VM code, C=native code)
V  [jvm.dll+0x69887a]
V  [jvm.dll+0x7f38bd]
V  [jvm.dll+0x7f51ce]
V  [jvm.dll+0x7f5883]
V  [jvm.dll+0x25ca3f]
V  [jvm.dll+0xb8c2f]
V  [jvm.dll+0xb8fa5]
V  [jvm.dll+0x2c794f]
V  [jvm.dll+0x5a05b0]
V  [jvm.dll+0x237f1e]
V  [jvm.dll+0x231672]
V  [jvm.dll+0x22eeeb]
V  [jvm.dll+0x1b9cfc]
V  [jvm.dll+0x23e8ca]
V  [jvm.dll+0x23cbb5]
V  [jvm.dll+0x7a5fb1]
V  [jvm.dll+0x7a03ea]
V  [jvm.dll+0x697725]
C  [ucrtbase.dll+0x21bb2]
C  [KERNEL32.DLL+0x17034]
C  [ntdll.dll+0x52651]


---------------  P R O C E S S  ---------------

Threads class SMR info:
_java_thread_list=0x000001487cf494f0, length=13, elements={
0x00000148595de590, 0x000001487867f1e0, 0x0000014878680770, 0x00000148786994f0,
0x000001487869a540, 0x000001487869cf40, 0x00000148786b0890, 0x000001487869e930,
0x000001487869f360, 0x00000148786c02f0, 0x00000148786ad870, 0x000001487c9dd590,
0x00000148786af550
}

Java Threads: ( => current thread )
  0x00000148595de590 JavaThread "main" [_thread_in_vm, id=11256, stack(0x00000013ef700000,0x00000013ef800000)]
  0x000001487867f1e0 JavaThread "Reference Handler" daemon [_thread_blocked, id=7568, stack(0x00000013efe00000,0x00000013eff00000)]
  0x0000014878680770 JavaThread "Finalizer" daemon [_thread_blocked, id=18632, stack(0x00000013eff00000,0x00000013f0000000)]
  0x00000148786994f0 JavaThread "Signal Dispatcher" daemon [_thread_blocked, id=26304, stack(0x00000013f0000000,0x00000013f0100000)]
  0x000001487869a540 JavaThread "Attach Listener" daemon [_thread_blocked, id=18844, stack(0x00000013f0100000,0x00000013f0200000)]
  0x000001487869cf40 JavaThread "Service Thread" daemon [_thread_blocked, id=15980, stack(0x00000013f0200000,0x00000013f0300000)]
  0x00000148786b0890 JavaThread "Monitor Deflation Thread" daemon [_thread_blocked, id=15392, stack(0x00000013f0300000,0x00000013f0400000)]
  0x000001487869e930 JavaThread "C2 CompilerThread0" daemon [_thread_in_native, id=22900, stack(0x00000013f0400000,0x00000013f0500000)]
  0x000001487869f360 JavaThread "C1 CompilerThread0" daemon [_thread_blocked, id=7660, stack(0x00000013f0500000,0x00000013f0600000)]
  0x00000148786c02f0 JavaThread "Sweeper thread" daemon [_thread_blocked, id=24208, stack(0x00000013f0600000,0x00000013f0700000)]
  0x00000148786ad870 JavaThread "Common-Cleaner" daemon [_thread_blocked, id=16264, stack(0x00000013f0700000,0x00000013f0800000)]
=>0x000001487c9dd590 JavaThread "C2 CompilerThread1" daemon [_thread_in_native, id=7552, stack(0x00000013f0800000,0x00000013f0900000)]
  0x00000148786af550 JavaThread "Notification Thread" daemon [_thread_blocked, id=26284, stack(0x00000013f0900000,0x00000013f0a00000)]

Other Threads:
  0x0000014859650b70 VMThread "VM Thread" [stack: 0x00000013efd00000,0x00000013efe00000] [id=25688]
  0x000001487d054680 WatcherThread "VM Periodic Task Thread" [stack: 0x00000013f0a00000,0x00000013f0b00000] [id=1624]
  0x0000014859638500 WorkerThread "GC Thread#0" [stack: 0x00000013ef800000,0x00000013ef900000] [id=25736]
  0x0000014859647ea0 ConcurrentGCThread "G1 Main Marker" [stack: 0x00000013ef900000,0x00000013efa00000] [id=6712]
  0x00000148596497b0 WorkerThread "G1 Conc#0" [stack: 0x00000013efa00000,0x00000013efb00000] [id=14944]
  0x0000014859685ae0 ConcurrentGCThread "G1 Refine#0" [stack: 0x00000013efb00000,0x00000013efc00000] [id=9396]
  0x0000014859687310 ConcurrentGCThread "G1 Service" [stack: 0x00000013efc00000,0x00000013efd00000] [id=19056]

Threads with active compile tasks:
C2 CompilerThread0      348  446       4       java.lang.String::replace (42 bytes)
C2 CompilerThread1      348  295       4       java.util.stream.ReferencePipeline$3$1::accept (23 bytes)

VM state: not at safepoint (normal execution)

VM Mutex/Monitor currently owned by a thread:  ([mutex/lock_event])
[0x00000148595d87d0] Metaspace_lock - owner thread: 0x00000148595de590

Heap address: 0x000000008e200000, size: 1822 MB, Compressed Oops mode: 32-bit

CDS archive(s) mapped at: [0x0000000800000000-0x0000000800ba0000-0x0000000800ba0000), size 12189696, SharedBaseAddress: 0x0000000800000000, ArchiveRelocationMode: 0.
Compressed class space mapped at: 0x0000000800c00000-0x0000000840c00000, reserved size: 1073741824
Narrow klass base: 0x0000000800000000, Narrow klass shift: 0, Narrow klass range: 0x100000000

GC Precious Log:
 CardTable entry size: 512
 Card Set container configuration: InlinePtr #cards 5 size 8 Array Of Cards #cards 12 size 40 Howl #buckets 4 coarsen threshold 1843 Howl Bitmap #cards 512 size 80 coarsen threshold 460 Card regions per heap region 1 cards per card region 2048
 CPUs: 4 total, 4 available
 Memory: 7280M
 Large Page Support: Disabled
 NUMA Support: Disabled
 Compressed Oops: Enabled (32-bit)
 Heap Region Size: 1M
 Heap Min Capacity: 8M
 Heap Initial Capacity: 114M
 Heap Max Capacity: 1822M
 Pre-touch: Disabled
 Parallel Workers: 4
 Concurrent Workers: 1
 Concurrent Refinement Workers: 4
 Periodic GC: Disabled

Heap:
 garbage-first heap   total 116736K, used 7168K [0x000000008e200000, 0x0000000100000000)
  region size 1024K, 9 young (9216K), 0 survivors (0K)
 Metaspace       used 960K, committed 1024K, reserved 1114112K
  class space    used 85K, committed 128K, reserved 1048576K

Heap Regions: E=young(eden), S=young(survivor), O=old, HS=humongous(starts), HC=humongous(continues), CS=collection set, F=free, OA=open archive, CA=closed archive, TAMS=top-at-mark-start (previous, next)
|   0|0x000000008e200000, 0x000000008e200000, 0x000000008e300000|  0%| F|  |TAMS 0x000000008e200000, 0x000000008e200000| Untracked 
|   1|0x000000008e300000, 0x000000008e300000, 0x000000008e400000|  0%| F|  |TAMS 0x000000008e300000, 0x000000008e300000| Untracked 
|   2|0x000000008e400000, 0x000000008e400000, 0x000000008e500000|  0%| F|  |TAMS 0x000000008e400000, 0x000000008e400000| Untracked 
|   3|0x000000008e500000, 0x000000008e500000, 0x000000008e600000|  0%| F|  |TAMS 0x000000008e500000, 0x000000008e500000| Untracked 
|   4|0x000000008e600000, 0x000000008e600000, 0x000000008e700000|  0%| F|  |TAMS 0x000000008e600000, 0x000000008e600000| Untracked 
|   5|0x000000008e700000, 0x000000008e700000, 0x000000008e800000|  0%| F|  |TAMS 0x000000008e700000, 0x000000008e700000| Untracked 
|   6|0x000000008e800000, 0x000000008e800000, 0x000000008e900000|  0%| F|  |TAMS 0x000000008e800000, 0x000000008e800000| Untracked 
|   7|0x000000008e900000, 0x000000008e900000, 0x000000008ea00000|  0%| F|  |TAMS 0x000000008e900000, 0x000000008e900000| Untracked 
|   8|0x000000008ea00000, 0x000000008ea00000, 0x000000008eb00000|  0%| F|  |TAMS 0x000000008ea00000, 0x000000008ea00000| Untracked 
|   9|0x000000008eb00000, 0x000000008eb00000, 0x000000008ec00000|  0%| F|  |TAMS 0x000000008eb00000, 0x000000008eb00000| Untracked 
|  10|0x000000008ec00000, 0x000000008ec00000, 0x000000008ed00000|  0%| F|  |TAMS 0x000000008ec00000, 0x000000008ec00000| Untracked 
|  11|0x000000008ed00000, 0x000000008ed00000, 0x000000008ee00000|  0%| F|  |TAMS 0x000000008ed00000, 0x000000008ed00000| Untracked 
|  12|0x000000008ee00000, 0x000000008ee00000, 0x000000008ef00000|  0%| F|  |TAMS 0x000000008ee00000, 0x000000008ee00000| Untracked 
|  13|0x000000008ef00000, 0x000000008ef00000, 0x000000008f000000|  0%| F|  |TAMS 0x000000008ef00000, 0x000000008ef00000| Untracked 
|  14|0x000000008f000000, 0x000000008f000000, 0x000000008f100000|  0%| F|  |TAMS 0x000000008f000000, 0x000000008f000000| Untracked 
|  15|0x000000008f100000, 0x000000008f100000, 0x000000008f200000|  0%| F|  |TAMS 0x000000008f100000, 0x000000008f100000| Untracked 
|  16|0x000000008f200000, 0x000000008f200000, 0x000000008f300000|  0%| F|  |TAMS 0x000000008f200000, 0x000000008f200000| Untracked 
|  17|0x000000008f300000, 0x000000008f300000, 0x000000008f400000|  0%| F|  |TAMS 0x000000008f300000, 0x000000008f300000| Untracked 
|  18|0x000000008f400000, 0x000000008f400000, 0x000000008f500000|  0%| F|  |TAMS 0x000000008f400000, 0x000000008f400000| Untracked 
|  19|0x000000008f500000, 0x000000008f500000, 0x000000008f600000|  0%| F|  |TAMS 0x000000008f500000, 0x000000008f500000| Untracked 
|  20|0x000000008f600000, 0x000000008f600000, 0x000000008f700000|  0%| F|  |TAMS 0x000000008f600000, 0x000000008f600000| Untracked 
|  21|0x000000008f700000, 0x000000008f700000, 0x000000008f800000|  0%| F|  |TAMS 0x000000008f700000, 0x000000008f700000| Untracked 
|  22|0x000000008f800000, 0x000000008f800000, 0x000000008f900000|  0%| F|  |TAMS 0x000000008f800000, 0x000000008f800000| Untracked 
|  23|0x000000008f900000, 0x000000008f900000, 0x000000008fa00000|  0%| F|  |TAMS 0x000000008f900000, 0x000000008f900000| Untracked 
|  24|0x000000008fa00000, 0x000000008fa00000, 0x000000008fb00000|  0%| F|  |TAMS 0x000000008fa00000, 0x000000008fa00000| Untracked 
|  25|0x000000008fb00000, 0x000000008fb00000, 0x000000008fc00000|  0%| F|  |TAMS 0x000000008fb00000, 0x000000008fb00000| Untracked 
|  26|0x000000008fc00000, 0x000000008fc00000, 0x000000008fd00000|  0%| F|  |TAMS 0x000000008fc00000, 0x000000008fc00000| Untracked 
|  27|0x000000008fd00000, 0x000000008fd00000, 0x000000008fe00000|  0%| F|  |TAMS 0x000000008fd00000, 0x000000008fd00000| Untracked 
|  28|0x000000008fe00000, 0x000000008fe00000, 0x000000008ff00000|  0%| F|  |TAMS 0x000000008fe00000, 0x000000008fe00000| Untracked 
|  29|0x000000008ff00000, 0x000000008ff00000, 0x0000000090000000|  0%| F|  |TAMS 0x000000008ff00000, 0x000000008ff00000| Untracked 
|  30|0x0000000090000000, 0x0000000090000000, 0x0000000090100000|  0%| F|  |TAMS 0x0000000090000000, 0x0000000090000000| Untracked 
|  31|0x0000000090100000, 0x0000000090100000, 0x0000000090200000|  0%| F|  |TAMS 0x0000000090100000, 0x0000000090100000| Untracked 
|  32|0x0000000090200000, 0x0000000090200000, 0x0000000090300000|  0%| F|  |TAMS 0x0000000090200000, 0x0000000090200000| Untracked 
|  33|0x0000000090300000, 0x0000000090300000, 0x0000000090400000|  0%| F|  |TAMS 0x0000000090300000, 0x0000000090300000| Untracked 
|  34|0x0000000090400000, 0x0000000090400000, 0x0000000090500000|  0%| F|  |TAMS 0x0000000090400000, 0x0000000090400000| Untracked 
|  35|0x0000000090500000, 0x0000000090500000, 0x0000000090600000|  0%| F|  |TAMS 0x0000000090500000, 0x0000000090500000| Untracked 
|  36|0x0000000090600000, 0x0000000090600000, 0x0000000090700000|  0%| F|  |TAMS 0x0000000090600000, 0x0000000090600000| Untracked 
|  37|0x0000000090700000, 0x0000000090700000, 0x0000000090800000|  0%| F|  |TAMS 0x0000000090700000, 0x0000000090700000| Untracked 
|  38|0x0000000090800000, 0x0000000090800000, 0x0000000090900000|  0%| F|  |TAMS 0x0000000090800000, 0x0000000090800000| Untracked 
|  39|0x0000000090900000, 0x0000000090900000, 0x0000000090a00000|  0%| F|  |TAMS 0x0000000090900000, 0x0000000090900000| Untracked 
|  40|0x0000000090a00000, 0x0000000090a00000, 0x0000000090b00000|  0%| F|  |TAMS 0x0000000090a00000, 0x0000000090a00000| Untracked 
|  41|0x0000000090b00000, 0x0000000090b00000, 0x0000000090c00000|  0%| F|  |TAMS 0x0000000090b00000, 0x0000000090b00000| Untracked 
|  42|0x0000000090c00000, 0x0000000090c00000, 0x0000000090d00000|  0%| F|  |TAMS 0x0000000090c00000, 0x0000000090c00000| Untracked 
|  43|0x0000000090d00000, 0x0000000090d00000, 0x0000000090e00000|  0%| F|  |TAMS 0x0000000090d00000, 0x0000000090d00000| Untracked 
|  44|0x0000000090e00000, 0x0000000090e00000, 0x0000000090f00000|  0%| F|  |TAMS 0x0000000090e00000, 0x0000000090e00000| Untracked 
|  45|0x0000000090f00000, 0x0000000090f00000, 0x0000000091000000|  0%| F|  |TAMS 0x0000000090f00000, 0x0000000090f00000| Untracked 
|  46|0x0000000091000000, 0x0000000091000000, 0x0000000091100000|  0%| F|  |TAMS 0x0000000091000000, 0x0000000091000000| Untracked 
|  47|0x0000000091100000, 0x0000000091100000, 0x0000000091200000|  0%| F|  |TAMS 0x0000000091100000, 0x0000000091100000| Untracked 
|  48|0x0000000091200000, 0x0000000091200000, 0x0000000091300000|  0%| F|  |TAMS 0x0000000091200000, 0x0000000091200000| Untracked 
|  49|0x0000000091300000, 0x0000000091300000, 0x0000000091400000|  0%| F|  |TAMS 0x0000000091300000, 0x0000000091300000| Untracked 
|  50|0x0000000091400000, 0x0000000091400000, 0x0000000091500000|  0%| F|  |TAMS 0x0000000091400000, 0x0000000091400000| Untracked 
|  51|0x0000000091500000, 0x0000000091500000, 0x0000000091600000|  0%| F|  |TAMS 0x0000000091500000, 0x0000000091500000| Untracked 
|  52|0x0000000091600000, 0x0000000091600000, 0x0000000091700000|  0%| F|  |TAMS 0x0000000091600000, 0x0000000091600000| Untracked 
|  53|0x0000000091700000, 0x0000000091700000, 0x0000000091800000|  0%| F|  |TAMS 0x0000000091700000, 0x0000000091700000| Untracked 
|  54|0x0000000091800000, 0x0000000091800000, 0x0000000091900000|  0%| F|  |TAMS 0x0000000091800000, 0x0000000091800000| Untracked 
|  55|0x0000000091900000, 0x0000000091900000, 0x0000000091a00000|  0%| F|  |TAMS 0x0000000091900000, 0x0000000091900000| Untracked 
|  56|0x0000000091a00000, 0x0000000091a00000, 0x0000000091b00000|  0%| F|  |TAMS 0x0000000091a00000, 0x0000000091a00000| Untracked 
|  57|0x0000000091b00000, 0x0000000091b00000, 0x0000000091c00000|  0%| F|  |TAMS 0x0000000091b00000, 0x0000000091b00000| Untracked 
|  58|0x0000000091c00000, 0x0000000091c00000, 0x0000000091d00000|  0%| F|  |TAMS 0x0000000091c00000, 0x0000000091c00000| Untracked 
|  59|0x0000000091d00000, 0x0000000091d00000, 0x0000000091e00000|  0%| F|  |TAMS 0x0000000091d00000, 0x0000000091d00000| Untracked 
|  60|0x0000000091e00000, 0x0000000091e00000, 0x0000000091f00000|  0%| F|  |TAMS 0x0000000091e00000, 0x0000000091e00000| Untracked 
|  61|0x0000000091f00000, 0x0000000091f00000, 0x0000000092000000|  0%| F|  |TAMS 0x0000000091f00000, 0x0000000091f00000| Untracked 
|  62|0x0000000092000000, 0x0000000092000000, 0x0000000092100000|  0%| F|  |TAMS 0x0000000092000000, 0x0000000092000000| Untracked 
|  63|0x0000000092100000, 0x0000000092100000, 0x0000000092200000|  0%| F|  |TAMS 0x0000000092100000, 0x0000000092100000| Untracked 
|  64|0x0000000092200000, 0x0000000092200000, 0x0000000092300000|  0%| F|  |TAMS 0x0000000092200000, 0x0000000092200000| Untracked 
|  65|0x0000000092300000, 0x0000000092300000, 0x0000000092400000|  0%| F|  |TAMS 0x0000000092300000, 0x0000000092300000| Untracked 
|  66|0x0000000092400000, 0x0000000092400000, 0x0000000092500000|  0%| F|  |TAMS 0x0000000092400000, 0x0000000092400000| Untracked 
|  67|0x0000000092500000, 0x0000000092500000, 0x0000000092600000|  0%| F|  |TAMS 0x0000000092500000, 0x0000000092500000| Untracked 
|  68|0x0000000092600000, 0x0000000092600000, 0x0000000092700000|  0%| F|  |TAMS 0x0000000092600000, 0x0000000092600000| Untracked 
|  69|0x0000000092700000, 0x0000000092700000, 0x0000000092800000|  0%| F|  |TAMS 0x0000000092700000, 0x0000000092700000| Untracked 
|  70|0x0000000092800000, 0x0000000092800000, 0x0000000092900000|  0%| F|  |TAMS 0x0000000092800000, 0x0000000092800000| Untracked 
|  71|0x0000000092900000, 0x0000000092900000, 0x0000000092a00000|  0%| F|  |TAMS 0x0000000092900000, 0x0000000092900000| Untracked 
|  72|0x0000000092a00000, 0x0000000092a00000, 0x0000000092b00000|  0%| F|  |TAMS 0x0000000092a00000, 0x0000000092a00000| Untracked 
|  73|0x0000000092b00000, 0x0000000092b00000, 0x0000000092c00000|  0%| F|  |TAMS 0x0000000092b00000, 0x0000000092b00000| Untracked 
|  74|0x0000000092c00000, 0x0000000092c00000, 0x0000000092d00000|  0%| F|  |TAMS 0x0000000092c00000, 0x0000000092c00000| Untracked 
|  75|0x0000000092d00000, 0x0000000092d00000, 0x0000000092e00000|  0%| F|  |TAMS 0x0000000092d00000, 0x0000000092d00000| Untracked 
|  76|0x0000000092e00000, 0x0000000092e00000, 0x0000000092f00000|  0%| F|  |TAMS 0x0000000092e00000, 0x0000000092e00000| Untracked 
|  77|0x0000000092f00000, 0x0000000092f00000, 0x0000000093000000|  0%| F|  |TAMS 0x0000000092f00000, 0x0000000092f00000| Untracked 
|  78|0x0000000093000000, 0x0000000093000000, 0x0000000093100000|  0%| F|  |TAMS 0x0000000093000000, 0x0000000093000000| Untracked 
|  79|0x0000000093100000, 0x0000000093100000, 0x0000000093200000|  0%| F|  |TAMS 0x0000000093100000, 0x0000000093100000| Untracked 
|  80|0x0000000093200000, 0x0000000093200000, 0x0000000093300000|  0%| F|  |TAMS 0x0000000093200000, 0x0000000093200000| Untracked 
|  81|0x0000000093300000, 0x0000000093300000, 0x0000000093400000|  0%| F|  |TAMS 0x0000000093300000, 0x0000000093300000| Untracked 
|  82|0x0000000093400000, 0x0000000093400000, 0x0000000093500000|  0%| F|  |TAMS 0x0000000093400000, 0x0000000093400000| Untracked 
|  83|0x0000000093500000, 0x0000000093500000, 0x0000000093600000|  0%| F|  |TAMS 0x0000000093500000, 0x0000000093500000| Untracked 
|  84|0x0000000093600000, 0x0000000093600000, 0x0000000093700000|  0%| F|  |TAMS 0x0000000093600000, 0x0000000093600000| Untracked 
|  85|0x0000000093700000, 0x0000000093700000, 0x0000000093800000|  0%| F|  |TAMS 0x0000000093700000, 0x0000000093700000| Untracked 
|  86|0x0000000093800000, 0x0000000093800000, 0x0000000093900000|  0%| F|  |TAMS 0x0000000093800000, 0x0000000093800000| Untracked 
|  87|0x0000000093900000, 0x0000000093900000, 0x0000000093a00000|  0%| F|  |TAMS 0x0000000093900000, 0x0000000093900000| Untracked 
|  88|0x0000000093a00000, 0x0000000093a00000, 0x0000000093b00000|  0%| F|  |TAMS 0x0000000093a00000, 0x0000000093a00000| Untracked 
|  89|0x0000000093b00000, 0x0000000093b00000, 0x0000000093c00000|  0%| F|  |TAMS 0x0000000093b00000, 0x0000000093b00000| Untracked 
|  90|0x0000000093c00000, 0x0000000093c00000, 0x0000000093d00000|  0%| F|  |TAMS 0x0000000093c00000, 0x0000000093c00000| Untracked 
|  91|0x0000000093d00000, 0x0000000093d00000, 0x0000000093e00000|  0%| F|  |TAMS 0x0000000093d00000, 0x0000000093d00000| Untracked 
|  92|0x0000000093e00000, 0x0000000093e00000, 0x0000000093f00000|  0%| F|  |TAMS 0x0000000093e00000, 0x0000000093e00000| Untracked 
|  93|0x0000000093f00000, 0x0000000093f00000, 0x0000000094000000|  0%| F|  |TAMS 0x0000000093f00000, 0x0000000093f00000| Untracked 
|  94|0x0000000094000000, 0x0000000094000000, 0x0000000094100000|  0%| F|  |TAMS 0x0000000094000000, 0x0000000094000000| Untracked 
|  95|0x0000000094100000, 0x0000000094100000, 0x0000000094200000|  0%| F|  |TAMS 0x0000000094100000, 0x0000000094100000| Untracked 
|  96|0x0000000094200000, 0x0000000094200000, 0x0000000094300000|  0%| F|  |TAMS 0x0000000094200000, 0x0000000094200000| Untracked 
|  97|0x0000000094300000, 0x0000000094300000, 0x0000000094400000|  0%| F|  |TAMS 0x0000000094300000, 0x0000000094300000| Untracked 
|  98|0x0000000094400000, 0x0000000094400000, 0x0000000094500000|  0%| F|  |TAMS 0x0000000094400000, 0x0000000094400000| Untracked 
|  99|0x0000000094500000, 0x0000000094500000, 0x0000000094600000|  0%| F|  |TAMS 0x0000000094500000, 0x0000000094500000| Untracked 
| 100|0x0000000094600000, 0x0000000094600000, 0x0000000094700000|  0%| F|  |TAMS 0x0000000094600000, 0x0000000094600000| Untracked 
| 101|0x0000000094700000, 0x0000000094700000, 0x0000000094800000|  0%| F|  |TAMS 0x0000000094700000, 0x0000000094700000| Untracked 
| 102|0x0000000094800000, 0x0000000094800000, 0x0000000094900000|  0%| F|  |TAMS 0x0000000094800000, 0x0000000094800000| Untracked 
| 103|0x0000000094900000, 0x0000000094900000, 0x0000000094a00000|  0%| F|  |TAMS 0x0000000094900000, 0x0000000094900000| Untracked 
| 104|0x0000000094a00000, 0x0000000094a00000, 0x0000000094b00000|  0%| F|  |TAMS 0x0000000094a00000, 0x0000000094a00000| Untracked 
| 105|0x0000000094b00000, 0x0000000094b4a458, 0x0000000094c00000| 29%| E|  |TAMS 0x0000000094b00000, 0x0000000094b00000| Complete 
| 106|0x0000000094c00000, 0x0000000094d00000, 0x0000000094d00000|100%| E|CS|TAMS 0x0000000094c00000, 0x0000000094c00000| Complete 
| 107|0x0000000094d00000, 0x0000000094e00000, 0x0000000094e00000|100%| E|  |TAMS 0x0000000094d00000, 0x0000000094d00000| Complete 
| 108|0x0000000094e00000, 0x0000000094f00000, 0x0000000094f00000|100%| E|CS|TAMS 0x0000000094e00000, 0x0000000094e00000| Complete 
| 109|0x0000000094f00000, 0x0000000095000000, 0x0000000095000000|100%| E|CS|TAMS 0x0000000094f00000, 0x0000000094f00000| Complete 
| 110|0x0000000095000000, 0x0000000095100000, 0x0000000095100000|100%| E|CS|TAMS 0x0000000095000000, 0x0000000095000000| Complete 
| 111|0x0000000095100000, 0x0000000095200000, 0x0000000095200000|100%| E|CS|TAMS 0x0000000095100000, 0x0000000095100000| Complete 
| 112|0x0000000095200000, 0x0000000095300000, 0x0000000095300000|100%| E|CS|TAMS 0x0000000095200000, 0x0000000095200000| Complete 
| 113|0x0000000095300000, 0x0000000095400000, 0x0000000095400000|100%| E|CS|TAMS 0x0000000095300000, 0x0000000095300000| Complete 

Card table byte_map: [0x00000148720f0000,0x0000014872480000] _byte_map_base: 0x0000014871c7f000

Marking Bits (Prev, Next): (CMBitMap*) 0x0000014859638a10, (CMBitMap*) 0x0000014859638a50
 Prev Bits: [0x0000014872810000, 0x0000014874488000)
 Next Bits: [0x0000014874490000, 0x0000014876108000)

Polling page: 0x00000148593c0000

Metaspace:

Usage:
  Non-class:    874.76 KB used.
      Class:     85.46 KB used.
       Both:    960.22 KB used.

Virtual space:
  Non-class space:       64.00 MB reserved,     896.00 KB (  1%) committed,  1 nodes.
      Class space:        1.00 GB reserved,     128.00 KB ( <1%) committed,  1 nodes.
             Both:        1.06 GB reserved,       1.00 MB ( <1%) committed. 

Chunk freelists:
   Non-Class:  3.73 MB
       Class:  3.69 MB
        Both:  7.42 MB

MaxMetaspaceSize: unlimited
CompressedClassSpaceSize: 1.00 GB
Initial GC threshold: 21.00 MB
Current GC threshold: 21.00 MB
CDS: on
MetaspaceReclaimPolicy: balanced
 - commit_granule_bytes: 65536.
 - commit_granule_words: 8192.
 - virtual_space_node_default_size: 8388608.
 - enlarge_chunks_in_place: 1.
 - new_chunks_are_fully_committed: 0.
 - uncommit_free_chunks: 1.
 - use_allocation_guard: 0.


Internal statistics:

num_allocs_failed_limit: 0.
num_arena_births: 28.
num_arena_deaths: 0.
num_vsnodes_births: 2.
num_vsnodes_deaths: 0.
num_space_committed: 16.
num_space_uncommitted: 0.
num_chunks_returned_to_freelist: 0.
num_chunks_taken_from_freelist: 46.
num_chunk_merges: 0.
num_chunk_splits: 30.
num_chunks_enlarged: 20.
num_inconsistent_stats: 0.

CodeHeap 'non-profiled nmethods': size=120000Kb used=155Kb max_used=155Kb free=119844Kb
 bounds [0x000001486a200000, 0x000001486a470000, 0x0000014871730000]
CodeHeap 'profiled nmethods': size=120000Kb used=598Kb max_used=598Kb free=119401Kb
 bounds [0x0000014862cd0000, 0x0000014862f40000, 0x000001486a200000]
CodeHeap 'non-nmethods': size=5760Kb used=1122Kb max_used=1141Kb free=4637Kb
 bounds [0x0000014862730000, 0x00000148629a0000, 0x0000014862cd0000]
 total_blobs=839 nmethods=448 adapters=304
 compilation: enabled
              stopped_count=0, restarted_count=0
 full_count=0

Compilation events (20 events):
Event: 0.289 Thread 0x000001487869f360 nmethod 419 0x0000014862d55010 code [0x0000014862d55240, 0x0000014862d55838]
Event: 0.289 Thread 0x000001487869f360  422       3       java.lang.invoke.MethodHandle::<init> (37 bytes)
Event: 0.290 Thread 0x000001487869f360 nmethod 422 0x0000014862d55b90 code [0x0000014862d55da0, 0x0000014862d56318]
Event: 0.290 Thread 0x000001487869f360  423       3       java.lang.invoke.LambdaForm::prepare (112 bytes)
Event: 0.290 Thread 0x000001487869f360 nmethod 423 0x0000014862d56590 code [0x0000014862d567c0, 0x0000014862d57018]
Event: 0.291 Thread 0x000001487869f360  424       3       java.lang.invoke.MemberName::isConstructor (8 bytes)
Event: 0.291 Thread 0x000001487869f360 nmethod 424 0x0000014862d57310 code [0x0000014862d574c0, 0x0000014862d576f8]
Event: 0.291 Thread 0x000001487869f360  426       3       jdk.internal.org.objectweb.asm.Frame::execute (2305 bytes)
Event: 0.299 Thread 0x000001487869f360 nmethod 426 0x0000014862d57810 code [0x0000014862d58720, 0x0000014862d5f3b8]
Event: 0.299 Thread 0x000001487869f360  429       3       java.lang.invoke.LambdaForm$BasicType::basicType (19 bytes)
Event: 0.299 Thread 0x000001487869f360 nmethod 429 0x0000014862d61010 code [0x0000014862d611e0, 0x0000014862d61438]
Event: 0.299 Thread 0x000001487869f360  428       3       java.lang.invoke.MemberName::getName (25 bytes)
Event: 0.300 Thread 0x000001487869f360 nmethod 428 0x0000014862d61590 code [0x0000014862d61760, 0x0000014862d61ae8]
Event: 0.301 Thread 0x000001487869e930 nmethod 339 0x000001486a221110 code [0x000001486a221340, 0x000001486a222090]
Event: 0.301 Thread 0x000001487869e930  432   !   4       java.util.zip.ZipFile$Source::checkAndAddEntry (209 bytes)
Event: 0.302 Thread 0x000001487869f360  433       3       java.lang.String::lastIndexOf (12 bytes)
Event: 0.303 Thread 0x000001487869f360 nmethod 433 0x0000014862d61c10 code [0x0000014862d61e00, 0x0000014862d621f8]
Event: 0.303 Thread 0x000001487869f360  434       3       java.lang.String::toString (2 bytes)
Event: 0.303 Thread 0x000001487869f360 nmethod 434 0x0000014862d62390 code [0x0000014862d62520, 0x0000014862d62638]
Event: 0.306 Thread 0x000001487869f360  435       3       jdk.internal.ref.CleanerImpl::getCleanerImpl (13 bytes)

GC Heap History (0 events):
No events

Deoptimization events (20 events):
Event: 0.211 Thread 0x00000148595de590 DEOPT PACKING pc=0x0000014862d0eb56 sp=0x00000013ef7fde40
Event: 0.211 Thread 0x00000148595de590 DEOPT UNPACKING pc=0x0000014862782b43 sp=0x00000013ef7fd2c8 mode 0
Event: 0.234 Thread 0x00000148595de590 DEOPT PACKING pc=0x0000014862ce6c67 sp=0x00000013ef7fde10
Event: 0.234 Thread 0x00000148595de590 DEOPT UNPACKING pc=0x0000014862782b43 sp=0x00000013ef7fd230 mode 0
Event: 0.248 Thread 0x00000148595de590 Uncommon trap: trap_request=0xffffff45 fr.pc=0x000001486a214f58 relative=0x0000000000000618
Event: 0.248 Thread 0x00000148595de590 Uncommon trap: reason=unstable_if action=reinterpret pc=0x000001486a214f58 method=java.util.ImmutableCollections$SetN.probe(Ljava/lang/Object;)I @ 34 c2
Event: 0.248 Thread 0x00000148595de590 DEOPT PACKING pc=0x000001486a214f58 sp=0x00000013ef7fee00
Event: 0.248 Thread 0x00000148595de590 DEOPT UNPACKING pc=0x00000148627823a3 sp=0x00000013ef7feda0 mode 2
Event: 0.256 Thread 0x00000148595de590 Uncommon trap: trap_request=0xffffff45 fr.pc=0x000001486a2162fc relative=0x00000000000004dc
Event: 0.256 Thread 0x00000148595de590 Uncommon trap: reason=unstable_if action=reinterpret pc=0x000001486a2162fc method=java.lang.StringLatin1.newString([BII)Ljava/lang/String; @ 1 c2
Event: 0.256 Thread 0x00000148595de590 DEOPT PACKING pc=0x000001486a2162fc sp=0x00000013ef7fec50
Event: 0.256 Thread 0x00000148595de590 DEOPT UNPACKING pc=0x00000148627823a3 sp=0x00000013ef7febb0 mode 2
Event: 0.256 Thread 0x00000148595de590 Uncommon trap: trap_request=0xffffff45 fr.pc=0x000001486a21451c relative=0x00000000000003fc
Event: 0.256 Thread 0x00000148595de590 Uncommon trap: reason=unstable_if action=reinterpret pc=0x000001486a21451c method=java.lang.StringLatin1.newString([BII)Ljava/lang/String; @ 1 c2
Event: 0.256 Thread 0x00000148595de590 DEOPT PACKING pc=0x000001486a21451c sp=0x00000013ef7febd0
Event: 0.256 Thread 0x00000148595de590 DEOPT UNPACKING pc=0x00000148627823a3 sp=0x00000013ef7febb0 mode 2
Event: 0.265 Thread 0x00000148595de590 Uncommon trap: trap_request=0xffffff45 fr.pc=0x000001486a20d134 relative=0x00000000000000b4
Event: 0.265 Thread 0x00000148595de590 Uncommon trap: reason=unstable_if action=reinterpret pc=0x000001486a20d134 method=java.lang.String.isLatin1()Z @ 10 c2
Event: 0.265 Thread 0x00000148595de590 DEOPT PACKING pc=0x000001486a20d134 sp=0x00000013ef7ff0d0
Event: 0.265 Thread 0x00000148595de590 DEOPT UNPACKING pc=0x00000148627823a3 sp=0x00000013ef7ff010 mode 2

Classes loaded (20 events):
Event: 0.274 Loading class sun/launcher/LauncherHelper$FXHelper
Event: 0.274 Loading class sun/launcher/LauncherHelper$FXHelper done
Event: 0.276 Loading class java/lang/InterruptedException
Event: 0.276 Loading class java/lang/InterruptedException done
Event: 0.276 Loading class java/lang/IllegalStateException
Event: 0.276 Loading class java/lang/IllegalStateException done
Event: 0.277 Loading class java/lang/IllegalAccessException
Event: 0.277 Loading class java/lang/IllegalAccessException done
Event: 0.277 Loading class java/lang/reflect/InvocationTargetException
Event: 0.277 Loading class java/lang/reflect/InvocationTargetException done
Event: 0.282 Loading class java/util/concurrent/atomic/AtomicBoolean
Event: 0.282 Loading class java/util/concurrent/atomic/AtomicBoolean done
Event: 0.292 Loading class java/util/concurrent/CountDownLatch
Event: 0.292 Loading class java/util/concurrent/CountDownLatch done
Event: 0.292 Loading class java/util/concurrent/CountDownLatch$Sync
Event: 0.293 Loading class java/util/concurrent/CountDownLatch$Sync done
Event: 0.302 Loading class java/lang/SecurityException
Event: 0.302 Loading class java/lang/SecurityException done
Event: 0.304 Loading class java/util/concurrent/CopyOnWriteArraySet
Event: 0.304 Loading class java/util/concurrent/CopyOnWriteArraySet done

Classes unloaded (0 events):
No events

Classes redefined (0 events):
No events

Internal exceptions (7 events):
Event: 0.118 Thread 0x00000148595de590 Exception <a 'sun/nio/fs/WindowsException'{0x0000000095238198}> (0x0000000095238198) 
thrown [s\open\src\hotspot\share\prims\jni.cpp, line 516]
Event: 0.118 Thread 0x00000148595de590 Exception <a 'sun/nio/fs/WindowsException'{0x0000000095238638}> (0x0000000095238638) 
thrown [s\open\src\hotspot\share\prims\jni.cpp, line 516]
Event: 0.280 Thread 0x00000148595de590 Exception <a 'java/lang/NoSuchMethodError'{0x0000000094dd8708}: 'java.lang.Object java.lang.invoke.DirectMethodHandle$Holder.invokeStaticInit(java.lang.Object)'> (0x0000000094dd8708) 
thrown [s\open\src\hotspot\share\interpreter\linkResolver.cpp, line 766]
Event: 0.284 Thread 0x00000148595de590 Exception <a 'java/lang/NoSuchMethodError'{0x0000000094ddf578}: 'void java.lang.invoke.DirectMethodHandle$Holder.invokeStatic(java.lang.Object, java.lang.Object, java.lang.Object, java.lang.Object)'> (0x0000000094ddf578) 
thrown [s\open\src\hotspot\share\interpreter\linkResolver.cpp, line 766]
Event: 0.285 Thread 0x00000148595de590 Exception <a 'java/lang/NoSuchMethodError'{0x0000000094de3510}: 'void java.lang.invoke.DirectMethodHandle$Holder.invokeSpecial(java.lang.Object, java.lang.Object, java.lang.Object, java.lang.Object, java.lang.Object)'> (0x0000000094de3510) 
thrown [s\open\src\hotspot\share\interpreter\linkResolver.cpp, line 766]
Event: 0.291 Thread 0x00000148595de590 Exception <a 'java/lang/NoSuchMethodError'{0x0000000094dfbfe8}: 'java.lang.Object java.lang.invoke.Invokers$Holder.invokeExact_MT(java.lang.Object, java.lang.Object, java.lang.Object, java.lang.Object, java.lang.Object, java.lang.Object)'> (0x0000000094dfbfe8) 
thrown [s\open\src\hotspot\share\interpreter\linkResolver.cpp, line 766]
Event: 0.293 Thread 0x00000148595de590 Exception <a 'java/lang/NoSuchMethodError'{0x0000000094c4b6f0}: 'void java.lang.invoke.DirectMethodHandle$Holder.invokeStatic(java.lang.Object, java.lang.Object)'> (0x0000000094c4b6f0) 
thrown [s\open\src\hotspot\share\interpreter\linkResolver.cpp, line 766]

VM Operations (4 events):
Event: 0.126 Executing VM operation: HandshakeAllThreads
Event: 0.126 Executing VM operation: HandshakeAllThreads done
Event: 0.245 Executing VM operation: HandshakeAllThreads
Event: 0.245 Executing VM operation: HandshakeAllThreads done

Events (18 events):
Event: 0.010 Loaded shared library C:\Program Files\Java\jdk-18.0.1.1\bin\java.dll
Event: 0.023 Loaded shared library C:\Program Files\Java\jdk-18.0.1.1\bin\jsvml.dll
Event: 0.024 Thread 0x00000148595de590 Thread added: 0x00000148595de590
Event: 0.027 Thread 0x000001487867f1e0 Thread added: 0x000001487867f1e0
Event: 0.028 Thread 0x0000014878680770 Thread added: 0x0000014878680770
Event: 0.044 Thread 0x00000148786994f0 Thread added: 0x00000148786994f0
Event: 0.044 Thread 0x000001487869a540 Thread added: 0x000001487869a540
Event: 0.044 Thread 0x000001487869cf40 Thread added: 0x000001487869cf40
Event: 0.044 Thread 0x00000148786b0890 Thread added: 0x00000148786b0890
Event: 0.044 Thread 0x000001487869e930 Thread added: 0x000001487869e930
Event: 0.044 Thread 0x000001487869f360 Thread added: 0x000001487869f360
Event: 0.044 Thread 0x00000148786c02f0 Thread added: 0x00000148786c02f0
Event: 0.091 Thread 0x00000148786ad870 Thread added: 0x00000148786ad870
Event: 0.112 Loaded shared library C:\Program Files\Java\jdk-18.0.1.1\bin\net.dll
Event: 0.115 Loaded shared library C:\Program Files\Java\jdk-18.0.1.1\bin\nio.dll
Event: 0.124 Loaded shared library C:\Program Files\Java\jdk-18.0.1.1\bin\zip.dll
Event: 0.188 Thread 0x000001487c9dd590 Thread added: 0x000001487c9dd590
Event: 0.263 Thread 0x00000148786af550 Thread added: 0x00000148786af550


Dynamic libraries:
0x00007ff7bd540000 - 0x00007ff7bd550000 	C:\Program Files\Java\jdk-18.0.1.1\bin\javaw.exe
0x00007ffffe910000 - 0x00007ffffeb05000 	C:\Windows\SYSTEM32\ntdll.dll
0x00007ffffd4b0000 - 0x00007ffffd56e000 	C:\Windows\System32\KERNEL32.DLL
0x00007ffffc190000 - 0x00007ffffc458000 	C:\Windows\System32\KERNELBASE.dll
0x00007ffffc740000 - 0x00007ffffc840000 	C:\Windows\System32\ucrtbase.dll
0x00007ffff8d90000 - 0x00007ffff8da8000 	C:\Program Files\Java\jdk-18.0.1.1\bin\jli.dll
0x00007ffffe700000 - 0x00007ffffe7ae000 	C:\Windows\System32\ADVAPI32.dll
0x00007ffffd8d0000 - 0x00007ffffd96e000 	C:\Windows\System32\msvcrt.dll
0x00007ffffcd30000 - 0x00007ffffcdcc000 	C:\Windows\System32\sechost.dll
0x00007ffffdc30000 - 0x00007ffffdd55000 	C:\Windows\System32\RPCRT4.dll
0x00007ffff8ed0000 - 0x00007ffff8eea000 	C:\Program Files\Java\jdk-18.0.1.1\bin\VCRUNTIME140.dll
0x00007ffffd970000 - 0x00007ffffdb10000 	C:\Windows\System32\USER32.dll
0x00007ffffc540000 - 0x00007ffffc562000 	C:\Windows\System32\win32u.dll
0x00007ffffe8a0000 - 0x00007ffffe8ca000 	C:\Windows\System32\GDI32.dll
0x00007ffffc630000 - 0x00007ffffc73b000 	C:\Windows\System32\gdi32full.dll
0x00007ffffc840000 - 0x00007ffffc8dd000 	C:\Windows\System32\msvcp_win.dll
0x00007fffde5c0000 - 0x00007fffde85a000 	C:\Windows\WinSxS\amd64_microsoft.windows.common-controls_6595b64144ccf1df_6.0.19041.1110_none_60b5254171f9507e\COMCTL32.dll
0x00007ffff21a0000 - 0x00007ffff21aa000 	C:\Windows\SYSTEM32\VERSION.dll
0x00007ffffc9f0000 - 0x00007ffffca20000 	C:\Windows\System32\IMM32.DLL
0x00007ffff8d80000 - 0x00007ffff8d8c000 	C:\Program Files\Java\jdk-18.0.1.1\bin\vcruntime140_1.dll
0x00007fffe6fe0000 - 0x00007fffe706d000 	C:\Program Files\Java\jdk-18.0.1.1\bin\msvcp140.dll
0x00007fff53930000 - 0x00007fff54540000 	C:\Program Files\Java\jdk-18.0.1.1\bin\server\jvm.dll
0x00007ffffd240000 - 0x00007ffffd248000 	C:\Windows\System32\PSAPI.DLL
0x00007fffda960000 - 0x00007fffda969000 	C:\Windows\SYSTEM32\WSOCK32.dll
0x00007fffdbcc0000 - 0x00007fffdbce7000 	C:\Windows\SYSTEM32\WINMM.dll
0x00007ffffe7b0000 - 0x00007ffffe81b000 	C:\Windows\System32\WS2_32.dll
0x00007ffffa8e0000 - 0x00007ffffa8f2000 	C:\Windows\SYSTEM32\kernel.appcore.dll
0x00007ffff7310000 - 0x00007ffff731a000 	C:\Program Files\Java\jdk-18.0.1.1\bin\jimage.dll
0x00007ffff9f20000 - 0x00007ffffa104000 	C:\Windows\SYSTEM32\DBGHELP.DLL
0x00007fffed840000 - 0x00007fffed86c000 	C:\Windows\SYSTEM32\dbgcore.DLL
0x00007ffffc8e0000 - 0x00007ffffc962000 	C:\Windows\System32\bcryptPrimitives.dll
0x00007ffff2af0000 - 0x00007ffff2b15000 	C:\Program Files\Java\jdk-18.0.1.1\bin\java.dll
0x00007fffaec40000 - 0x00007fffaed16000 	C:\Program Files\Java\jdk-18.0.1.1\bin\jsvml.dll
0x00007ffffdf50000 - 0x00007ffffe694000 	C:\Windows\System32\SHELL32.dll
0x00007ffffa110000 - 0x00007ffffa8a4000 	C:\Windows\SYSTEM32\windows.storage.dll
0x00007ffffd570000 - 0x00007ffffd8c4000 	C:\Windows\System32\combase.dll
0x00007ffffb9d0000 - 0x00007ffffb9fc000 	C:\Windows\SYSTEM32\Wldp.dll
0x00007ffffdb10000 - 0x00007ffffdbbd000 	C:\Windows\System32\SHCORE.dll
0x00007ffffdbc0000 - 0x00007ffffdc15000 	C:\Windows\System32\shlwapi.dll
0x00007ffffbf70000 - 0x00007ffffbf8f000 	C:\Windows\SYSTEM32\profapi.dll
0x00007ffff2ad0000 - 0x00007ffff2ae3000 	C:\Program Files\Java\jdk-18.0.1.1\bin\net.dll
0x00007fffe8350000 - 0x00007fffe845a000 	C:\Windows\SYSTEM32\WINHTTP.dll
0x00007ffffb730000 - 0x00007ffffb79a000 	C:\Windows\system32\mswsock.dll
0x00007ffff2320000 - 0x00007ffff2336000 	C:\Program Files\Java\jdk-18.0.1.1\bin\nio.dll
0x00007ffff22e0000 - 0x00007ffff22f8000 	C:\Program Files\Java\jdk-18.0.1.1\bin\zip.dll

dbghelp: loaded successfully - version: 4.0.5 - missing functions: none
symbol engine: initialized successfully - sym options: 0x614 - pdb path: .;C:\Program Files\Java\jdk-18.0.1.1\bin;C:\Windows\SYSTEM32;C:\Windows\WinSxS\amd64_microsoft.windows.common-controls_6595b64144ccf1df_6.0.19041.1110_none_60b5254171f9507e;C:\Program Files\Java\jdk-18.0.1.1\bin\server

VM Arguments:
jvm_args: --module-path=C:\Program Files\Java\javafx-sdk-18.0.1\lib --add-modules=javafx.controls,javafx.fxml -Dfile.encoding=UTF-8 -XX:+ShowCodeDetailsInExceptionMessages 
java_command: application.Main
java_class_path (initial): C:\Users\HP\eclipse-workspace\FX Brief 7\target\classes;C:\Program Files\Java\javafx-sdk-18.0.1\lib\javafx-swt.jar;C:\Program Files\Java\javafx-sdk-18.0.1\lib\javafx.base.jar;C:\Program Files\Java\javafx-sdk-18.0.1\lib\javafx.controls.jar;C:\Program Files\Java\javafx-sdk-18.0.1\lib\javafx.fxml.jar;C:\Program Files\Java\javafx-sdk-18.0.1\lib\javafx.graphics.jar;C:\Program Files\Java\javafx-sdk-18.0.1\lib\javafx.media.jar;C:\Program Files\Java\javafx-sdk-18.0.1\lib\javafx.swing.jar;C:\Program Files\Java\javafx-sdk-18.0.1\lib\javafx.web.jar;C:\Users\HP\.p2\pool\plugins\org.eclipse.fx.ide.css.jfx8_3.7.0.202010120832.jar;C:\Users\HP\Downloads\mysql-connector-java-8.0.29\mysql-connector-java-8.0.29\mysql-connector-java-8.0.29.jar;C:\Users\HP\.m2\repository\org\postgresql\postgresql\42.3.6\postgresql-42.3.6.jar;C:\Users\HP\.m2\repository\org\checkerframework\checker-qual\3.5.0\checker-qual-3.5.0.jar
Launcher Type: SUN_STANDARD

[Global flags]
     intx CICompilerCount                          = 3                                         {product} {ergonomic}
     uint ConcGCThreads                            = 1                                         {product} {ergonomic}
     uint G1ConcRefinementThreads                  = 4                                         {product} {ergonomic}
   size_t G1HeapRegionSize                         = 1048576                                   {product} {ergonomic}
    uintx GCDrainStackTargetSize                   = 64                                        {product} {ergonomic}
   size_t InitialHeapSize                          = 119537664                                 {product} {ergonomic}
   size_t MarkStackSize                            = 4194304                                   {product} {ergonomic}
   size_t MaxHeapSize                              = 1910505472                                {product} {ergonomic}
   size_t MaxNewSize                               = 1146093568                                {product} {ergonomic}
   size_t MinHeapDeltaBytes                        = 1048576                                   {product} {ergonomic}
   size_t MinHeapSize                              = 8388608                                   {product} {ergonomic}
    uintx NonNMethodCodeHeapSize                   = 5832780                                {pd product} {ergonomic}
    uintx NonProfiledCodeHeapSize                  = 122912730                              {pd product} {ergonomic}
    uintx ProfiledCodeHeapSize                     = 122912730                              {pd product} {ergonomic}
    uintx ReservedCodeCacheSize                    = 251658240                              {pd product} {ergonomic}
     bool SegmentedCodeCache                       = true                                      {product} {ergonomic}
     bool ShowCodeDetailsInExceptionMessages       = true                                   {manageable} {command line}
   size_t SoftMaxHeapSize                          = 1910505472                             {manageable} {ergonomic}
     bool UseCompressedClassPointers               = true                           {product lp64_product} {ergonomic}
     bool UseCompressedOops                        = true                           {product lp64_product} {ergonomic}
     bool UseG1GC                                  = true                                      {product} {ergonomic}
     bool UseLargePagesIndividualAllocation        = false                                  {pd product} {ergonomic}

Logging:
Log output configuration:
 #0: stdout all=warning uptime,level,tags foldmultilines=false
 #1: stderr all=off uptime,level,tags foldmultilines=false

Environment Variables:
PATH=C:\Program Files\Common Files\Oracle\Java\javapath;C:\Windows\system32;C:\Windows;C:\Windows\System32\Wbem;C:\Windows\System32\WindowsPowerShell\v1.0\;C:\Windows\System32\OpenSSH\;C:\Program Files\Git\cmd;C:\Users\HP\AppData\Local\Microsoft\WindowsApps
USERNAME=HP
OS=Windows_NT
PROCESSOR_IDENTIFIER=Intel64 Family 6 Model 78 Stepping 3, GenuineIntel



---------------  S Y S T E M  ---------------

OS:
 Windows 10 , 64 bit Build 19041 (10.0.19041.1645)
OS uptime: 10 days 3:49 hours

CPU: total 4 (initial active 4) (2 cores per cpu, 2 threads per core) family 6 model 78 stepping 3 microcode 0xcc, cx8, cmov, fxsr, ht, mmx, 3dnowpref, sse, sse2, sse3, ssse3, sse4.1, sse4.2, popcnt, lzcnt, tsc, tscinvbit, avx, avx2, aes, erms, clmul, bmi1, bmi2, rtm, adx, fma, vzeroupper, clflush, clflushopt

Memory: 4k page, system-wide physical 7280M (440M free)
TotalPageFile size 29808M (AvailPageFile size 1M)
current process WorkingSet (physical memory assigned to process): 51M, peak: 51M
current process commit charge ("private bytes"): 199M, peak: 199M

vm_info: Java HotSpot(TM) 64-Bit Server VM (18.0.1.1+2-6) for windows-amd64 JRE (18.0.1.1+2-6), built on Apr 25 2022 21:53:15 by "mach5one" with MS VC++ 16.8 / 16.9 (VS2019)

END.
