#
# There is insufficient memory for the Java Runtime Environment to continue.
# Native memory allocation (malloc) failed to allocate 1048576 bytes for AllocateHeap
# Possible reasons:
#   The system is out of physical RAM or swap space
#   The process is running with CompressedOops enabled, and the Java Heap may be blocking the growth of the native heap
# Possible solutions:
#   Reduce memory load on the system
#   Increase physical memory or swap space
#   Check if swap backing store is full
#   Decrease Java heap size (-Xmx/-Xms)
#   Decrease number of Java threads
#   Decrease Java thread stack sizes (-Xss)
#   Set larger code cache with -XX:ReservedCodeCacheSize=
#   JVM is running with Unscaled Compressed Oops mode in which the Java heap is
#     placed in the first 4GB address space. The Java Heap base address is the
#     maximum limit for the native heap growth. Please use -XX:HeapBaseMinAddress
#     to set the Java Heap base and to place the Java Heap above 4GB virtual address.
# This output file may be truncated or incomplete.
#
#  Out of Memory Error (allocation.cpp:44), pid=5556, tid=26280
#
# JRE version:  (18.0.1.1+2) (build )
# Java VM: Java HotSpot(TM) 64-Bit Server VM (18.0.1.1+2-6, mixed mode, sharing, tiered, compressed oops, compressed class ptrs, g1 gc, windows-amd64)
# No core dump will be written. Minidumps are not enabled by default on client versions of Windows
#

---------------  S U M M A R Y ------------

Command Line: --module-path=C:\Program Files\Java\javafx-sdk-18.0.1\lib --add-modules=javafx.controls,javafx.fxml -Dfile.encoding=UTF-8 -XX:+ShowCodeDetailsInExceptionMessages application.Main

Host: Intel(R) Core(TM) i5-6300U CPU @ 2.40GHz, 4 cores, 7G,  Windows 10 , 64 bit Build 19041 (10.0.19041.1645)
Time: Mon Jun 13 13:27:37 2022 Paris, Madrid (heure duild 19041 (10.0.19041.1645) elapsed time: 0.017141 seconds (0d 0h 0m 0s)

---------------  T H R E A D  ---------------

Current thread (0x000002884820dbe0):  JavaThread "Unknown thread" [_thread_in_vm, id=26280, stack(0x000000c581900000,0x000000c581a00000)]

Stack: [0x000000c581900000,0x000000c581a00000]
Native frames: (J=compiled Java code, j=interpreted, Vv=VM code, C=native code)
V  [jvm.dll+0x69887a]
V  [jvm.dll+0x7f38bd]
V  [jvm.dll+0x7f51ce]
V  [jvm.dll+0x7f5883]
V  [jvm.dll+0x25ca3f]
V  [jvm.dll+0xb31af]
V  [jvm.dll+0x2f7929]
V  [jvm.dll+0x7c24bb]
V  [jvm.dll+0x38b801]
V  [jvm.dll+0x7a1203]
V  [jvm.dll+0x40d6bf]
V  [jvm.dll+0x40f091]
C  [jli.dll+0x526b]
C  [ucrtbase.dll+0x21bb2]
C  [KERNEL32.DLL+0x17034]
C  [ntdll.dll+0x52651]


---------------  P R O C E S S  ---------------

Threads class SMR info:
_java_thread_list=0x00007fff5440d550, length=0, elements={
}

Java Threads: ( => current thread )

Other Threads:

=>0x000002884820dbe0 (exited) JavaThread "Unknown thread" [_thread_in_vm, id=26280, stack(0x000000c581900000,0x000000c581a00000)]

Threads with active compile tasks:

VM state: not at safepoint (not fully initialized)

VM Mutex/Monitor currently owned by a thread: None

Heap address: 0x0000000000000000, size: 0 MB, Compressed Oops mode: 32-bit

CDS archive(s) mapped at: [0x0000000000000000-0x0000000000000000-0x0000000000000000), size 0, SharedBaseAddress: 0x0000000800000000, ArchiveRelocationMode: 0.
Narrow klass base: 0x0000000000000000, Narrow klass shift: 0, Narrow klass range: 0x0

GC Precious Log:
 CardTable entry size: 512
 Card Set container configuration: InlinePtr #cards 5 size 8 Array Of Cards #cards 12 size 40 Howl #buckets 4 coarsen threshold 1843 Howl Bitmap #cards 512 size 80 coarsen threshold 460 Card regions per heap region 1 cards per card region 2048

GC Heap History (0 events):
No events

Deoptimization events (0 events):
No events

Classes loaded (0 events):
No events

Classes unloaded (0 events):
No events

Classes redefined (0 events):
No events

Internal exceptions (0 events):
No events

VM Operations (0 events):
No events

Events (1 events):
Event: 0.013 Loaded shared library C:\Program Files\Java\jdk-18.0.1.1\bin\java.dll


Dynamic libraries:
0x00007ff7bd540000 - 0x00007ff7bd550000 	C:\Program Files\Java\jdk-18.0.1.1\bin\javaw.exe
0x00007ffffe910000 - 0x00007ffffeb05000 	C:\Windows\SYSTEM32\ntdll.dll
0x00007ffffd4b0000 - 0x00007ffffd56e000 	C:\Windows\System32\KERNEL32.DLL
0x00007ffffc190000 - 0x00007ffffc458000 	C:\Windows\System32\KERNELBASE.dll
0x00007ffffc740000 - 0x00007ffffc840000 	C:\Windows\System32\ucrtbase.dll
0x00007ffff8d90000 - 0x00007ffff8da8000 	C:\Program Files\Java\jdk-18.0.1.1\bin\jli.dll
0x00007ffffe700000 - 0x00007ffffe7ae000 	C:\Windows\System32\ADVAPI32.dll
0x00007ffffd8d0000 - 0x00007ffffd96e000 	C:\Windows\System32\msvcrt.dll
0x00007ffffcd30000 - 0x00007ffffcdcc000 	C:\Windows\System32\sechost.dll
0x00007ffffdc30000 - 0x00007ffffdd55000 	C:\Windows\System32\RPCRT4.dll
0x00007ffffd970000 - 0x00007ffffdb10000 	C:\Windows\System32\USER32.dll
0x00007ffffc540000 - 0x00007ffffc562000 	C:\Windows\System32\win32u.dll
0x00007ffffe8a0000 - 0x00007ffffe8ca000 	C:\Windows\System32\GDI32.dll
0x00007ffff8ed0000 - 0x00007ffff8eea000 	C:\Program Files\Java\jdk-18.0.1.1\bin\VCRUNTIME140.dll
0x00007ffffc630000 - 0x00007ffffc73b000 	C:\Windows\System32\gdi32full.dll
0x00007ffffc840000 - 0x00007ffffc8dd000 	C:\Windows\System32\msvcp_win.dll
0x00007fffde5c0000 - 0x00007fffde85a000 	C:\Windows\WinSxS\amd64_microsoft.windows.common-controls_6595b64144ccf1df_6.0.19041.1110_none_60b5254171f9507e\COMCTL32.dll
0x00007ffff21a0000 - 0x00007ffff21aa000 	C:\Windows\SYSTEM32\VERSION.dll
0x00007ffffc9f0000 - 0x00007ffffca20000 	C:\Windows\System32\IMM32.DLL
0x00007ffff8d80000 - 0x00007ffff8d8c000 	C:\Program Files\Java\jdk-18.0.1.1\bin\vcruntime140_1.dll
0x00007fffe6fe0000 - 0x00007fffe706d000 	C:\Program Files\Java\jdk-18.0.1.1\bin\msvcp140.dll
0x00007fff53930000 - 0x00007fff54540000 	C:\Program Files\Java\jdk-18.0.1.1\bin\server\jvm.dll
0x00007ffffd240000 - 0x00007ffffd248000 	C:\Windows\System32\PSAPI.DLL
0x00007fffda960000 - 0x00007fffda969000 	C:\Windows\SYSTEM32\WSOCK32.dll
0x00007ffffe7b0000 - 0x00007ffffe81b000 	C:\Windows\System32\WS2_32.dll
0x00007fffdbcc0000 - 0x00007fffdbce7000 	C:\Windows\SYSTEM32\WINMM.dll
0x00007ffffa8e0000 - 0x00007ffffa8f2000 	C:\Windows\SYSTEM32\kernel.appcore.dll
0x00007ffff7310000 - 0x00007ffff731a000 	C:\Program Files\Java\jdk-18.0.1.1\bin\jimage.dll
0x00007ffff9f20000 - 0x00007ffffa104000 	C:\Windows\SYSTEM32\DBGHELP.DLL
0x00007fffed840000 - 0x00007fffed86c000 	C:\Windows\SYSTEM32\dbgcore.DLL
0x00007ffffc8e0000 - 0x00007ffffc962000 	C:\Windows\System32\bcryptPrimitives.dll
0x00007ffff2af0000 - 0x00007ffff2b15000 	C:\Program Files\Java\jdk-18.0.1.1\bin\java.dll

dbghelp: loaded successfully - version: 4.0.5 - missing functions: none
symbol engine: initialized successfully - sym options: 0x614 - pdb path: .;C:\Program Files\Java\jdk-18.0.1.1\bin;C:\Windows\SYSTEM32;C:\Windows\WinSxS\amd64_microsoft.windows.common-controls_6595b64144ccf1df_6.0.19041.1110_none_60b5254171f9507e;C:\Program Files\Java\jdk-18.0.1.1\bin\server

VM Arguments:
jvm_args: --module-path=C:\Program Files\Java\javafx-sdk-18.0.1\lib --add-modules=javafx.controls,javafx.fxml -Dfile.encoding=UTF-8 -XX:+ShowCodeDetailsInExceptionMessages 
java_command: application.Main
java_class_path (initial): C:\Users\HP\eclipse-workspace\FX Brief 7\target\classes;C:\Program Files\Java\javafx-sdk-18.0.1\lib\javafx-swt.jar;C:\Program Files\Java\javafx-sdk-18.0.1\lib\javafx.base.jar;C:\Program Files\Java\javafx-sdk-18.0.1\lib\javafx.controls.jar;C:\Program Files\Java\javafx-sdk-18.0.1\lib\javafx.fxml.jar;C:\Program Files\Java\javafx-sdk-18.0.1\lib\javafx.graphics.jar;C:\Program Files\Java\javafx-sdk-18.0.1\lib\javafx.media.jar;C:\Program Files\Java\javafx-sdk-18.0.1\lib\javafx.swing.jar;C:\Program Files\Java\javafx-sdk-18.0.1\lib\javafx.web.jar;C:\Users\HP\.p2\pool\plugins\org.eclipse.fx.ide.css.jfx8_3.7.0.202010120832.jar;C:\Users\HP\Downloads\mysql-connector-java-8.0.29\mysql-connector-java-8.0.29\mysql-connector-java-8.0.29.jar;C:\Users\HP\.m2\repository\org\postgresql\postgresql\42.3.6\postgresql-42.3.6.jar;C:\Users\HP\.m2\repository\org\checkerframework\checker-qual\3.5.0\checker-qual-3.5.0.jar
Launcher Type: SUN_STANDARD

[Global flags]
     intx CICompilerCount                          = 3                                         {product} {ergonomic}
     uint ConcGCThreads                            = 1                                         {product} {ergonomic}
     uint G1ConcRefinementThreads                  = 4                                         {product} {ergonomic}
   size_t G1HeapRegionSize                         = 1048576                                   {product} {ergonomic}
    uintx GCDrainStackTargetSize                   = 64                                        {product} {ergonomic}
   size_t InitialHeapSize                          = 119537664                                 {product} {ergonomic}
   size_t MarkStackSize                            = 4194304                                   {product} {ergonomic}
   size_t MaxHeapSize                              = 1910505472                                {product} {ergonomic}
   size_t MinHeapDeltaBytes                        = 1048576                                   {product} {ergonomic}
   size_t MinHeapSize                              = 8388608                                   {product} {ergonomic}
    uintx NonNMethodCodeHeapSize                   = 5832780                                {pd product} {ergonomic}
    uintx NonProfiledCodeHeapSize                  = 122912730                              {pd product} {ergonomic}
    uintx ProfiledCodeHeapSize                     = 122912730                              {pd product} {ergonomic}
    uintx ReservedCodeCacheSize                    = 251658240                              {pd product} {ergonomic}
     bool SegmentedCodeCache                       = true                                      {product} {ergonomic}
     bool ShowCodeDetailsInExceptionMessages       = true                                   {manageable} {command line}
   size_t SoftMaxHeapSize                          = 1910505472                             {manageable} {ergonomic}
     bool UseCompressedClassPointers               = true                           {product lp64_product} {ergonomic}
     bool UseCompressedOops                        = true                           {product lp64_product} {ergonomic}
     bool UseG1GC                                  = true                                      {product} {ergonomic}
     bool UseLargePagesIndividualAllocation        = false                                  {pd product} {ergonomic}

Logging:
Log output configuration:
 #0: stdout all=warning uptime,level,tags foldmultilines=false
 #1: stderr all=off uptime,level,tags foldmultilines=false

Environment Variables:
PATH=C:\Program Files\Common Files\Oracle\Java\javapath;C:\Windows\system32;C:\Windows;C:\Windows\System32\Wbem;C:\Windows\System32\WindowsPowerShell\v1.0\;C:\Windows\System32\OpenSSH\;C:\Program Files\Git\cmd;C:\Users\HP\AppData\Local\Microsoft\WindowsApps
USERNAME=HP
OS=Windows_NT
PROCESSOR_IDENTIFIER=Intel64 Family 6 Model 78 Stepping 3, GenuineIntel



---------------  S Y S T E M  ---------------

OS:
 Windows 10 , 64 bit Build 19041 (10.0.19041.1645)
OS uptime: 10 days 3:50 hours

CPU: total 4 (initial active 4) (2 cores per cpu, 2 threads per core) family 6 model 78 stepping 3 microcode 0xcc, cx8, cmov, fxsr, ht, mmx, 3dnowpref, sse, sse2, sse3, ssse3, sse4.1, sse4.2, popcnt, lzcnt, tsc, tscinvbit, avx, avx2, aes, erms, clmul, bmi1, bmi2, rtm, adx, fma, vzeroupper, clflush, clflushopt

Memory: 4k page, system-wide physical 7280M (397M free)
TotalPageFile size 29808M (AvailPageFile size 5M)
current process WorkingSet (physical memory assigned to process): 9M, peak: 9M
current process commit charge ("private bytes"): 13M, peak: 14M

vm_info: Java HotSpot(TM) 64-Bit Server VM (18.0.1.1+2-6) for windows-amd64 JRE (18.0.1.1+2-6), built on Apr 25 2022 21:53:15 by "mach5one" with MS VC++ 16.8 / 16.9 (VS2019)

END.
